Log file open, 07/31/18 13:27:06
LogWindows: Failed to load 'aqProf.dll' (GetLastError=126)
LogWindows: File 'aqProf.dll' does not exist
LogWindows: Failed to load 'VtuneApi.dll' (GetLastError=126)
LogWindows: File 'VtuneApi.dll' does not exist
LogWindows: Failed to load 'VtuneApi32e.dll' (GetLastError=126)
LogWindows: File 'VtuneApi32e.dll' does not exist
LogInit: Display: Running engine for game: MyProject
LogPlatformFile: Not using cached read wrapper
LogTaskGraph: Started task graph with 5 named threads and 23 total threads with 3 sets of task threads.
LogStats: Stats thread started at 0.324917
LogD3D11RHI: Loaded GFSDK_Aftermath_Lib.x64.dll
LogICUInternationalization: Display: ICU TimeZone Detection - Raw Offset: -8:00, Platform Override: ''
LogPluginManager: Mounting plugin Paper2D
LogPluginManager: Mounting plugin AISupport
LogPluginManager: Mounting plugin LightPropagationVolume
LogPluginManager: Mounting plugin CLionSourceCodeAccess
LogPluginManager: Mounting plugin CodeLiteSourceCodeAccess
LogPluginManager: Mounting plugin GitSourceControl
LogPluginManager: Mounting plugin KDevelopSourceCodeAccess
LogPluginManager: Mounting plugin NullSourceCodeAccess
LogPluginManager: Mounting plugin PerforceSourceControl
LogPluginManager: Mounting plugin SubversionSourceControl
LogPluginManager: Mounting plugin UObjectPlugin
LogPluginManager: Mounting plugin VisualStudioCodeSourceCodeAccess
LogPluginManager: Mounting plugin VisualStudioSourceCodeAccess
LogPluginManager: Mounting plugin XCodeSourceCodeAccess
LogPluginManager: Mounting plugin AssetManagerEditor
LogPluginManager: Mounting plugin CryptoKeys
LogPluginManager: Mounting plugin DataValidation
LogPluginManager: Mounting plugin FacialAnimation
LogPluginManager: Mounting plugin GameplayTagsEditor
LogPluginManager: Mounting plugin MacGraphicsSwitching
LogPluginManager: Mounting plugin MeshEditor
LogPluginManager: Mounting plugin MobileLauncherProfileWizard
LogPluginManager: Mounting plugin PluginBrowser
LogPluginManager: Mounting plugin SpeedTreeImporter
LogPluginManager: Mounting plugin DatasmithContent
LogPluginManager: Mounting plugin AlembicImporter
LogPluginManager: Mounting plugin AppleImageUtils
LogPluginManager: Mounting plugin AppleVision
LogPluginManager: Mounting plugin BackChannel
LogPluginManager: Mounting plugin CharacterAI
LogPluginManager: Mounting plugin GeometryCache
LogPluginManager: Mounting plugin HTML5Networking
LogPluginManager: Mounting plugin ProxyLODPlugin
LogPluginManager: Mounting plugin MagicLeap
LogPluginManager: Mounting plugin MagicLeapEmulator
LogPluginManager: Mounting plugin MagicLeapMedia
LogPluginManager: Mounting plugin AndroidMedia
LogPluginManager: Mounting plugin AvfMedia
LogPluginManager: Mounting plugin ImgMedia
LogPluginManager: Mounting plugin LinearTimecode
LogPluginManager: Mounting plugin MediaCompositing
LogPluginManager: Mounting plugin MediaPlayerEditor
LogPluginManager: Mounting plugin WmfMedia
LogPluginManager: Mounting plugin TcpMessaging
LogPluginManager: Mounting plugin UdpMessaging
LogPluginManager: Mounting plugin ActorSequence
LogPluginManager: Mounting plugin LevelSequenceEditor
LogPluginManager: Mounting plugin MatineeToLevelSequence
LogPluginManager: Mounting plugin NetcodeUnitTest
LogPluginManager: Mounting plugin NUTUnrealEngine4
LogPluginManager: Mounting plugin OnlineSubsystemGooglePlay
LogPluginManager: Mounting plugin OnlineSubsystemIOS
LogPluginManager: Mounting plugin OnlineSubsystem
LogPluginManager: Mounting plugin OnlineSubsystemNull
LogPluginManager: Mounting plugin OnlineSubsystemUtils
LogPluginManager: Mounting plugin LauncherChunkInstaller
LogPluginManager: Mounting plugin AndroidDeviceProfileSelector
LogPluginManager: Mounting plugin AndroidMoviePlayer
LogPluginManager: Mounting plugin AndroidPermission
LogPluginManager: Mounting plugin AppleMoviePlayer
LogPluginManager: Mounting plugin ArchVisCharacter
LogPluginManager: Mounting plugin AudioCapture
LogPluginManager: Mounting plugin CableComponent
LogPluginManager: Mounting plugin CustomMeshComponent
LogPluginManager: Mounting plugin EditableMesh
LogPluginManager: Mounting plugin ExampleDeviceProfileSelector
LogPluginManager: Mounting plugin GoogleCloudMessaging
LogPluginManager: Mounting plugin ImmediatePhysics
LogPluginManager: Mounting plugin IOSDeviceProfileSelector
LogPluginManager: Mounting plugin LinuxDeviceProfileSelector
LogPluginManager: Mounting plugin LocationServicesBPLibrary
LogPluginManager: Mounting plugin MobilePatchingUtils
LogPluginManager: Mounting plugin OculusVR
LogPluginManager: Plugin shader directory ../../../Engine/Plugins/Runtime/Oculus/OculusVR/Shaders found
LogPluginManager: Mapping shader source directory ../../../Engine/Plugins/Runtime/Oculus/OculusVR/Shaders to virtual directory /Plugin/OculusVR
LogPluginManager: Mounting plugin PhysXVehicles
LogPluginManager: Mounting plugin ProceduralMeshComponent
LogPluginManager: Mounting plugin RuntimePhysXCooking
LogPluginManager: Mounting plugin SteamVR
LogPluginManager: Mounting plugin WindowsMoviePlayer
LogStreaming: Display: Took  0.081s to configure plugins.
LogInit: Using libcurl 7.55.1-DEV
LogInit:  - built for x86_64-pc-win32
LogInit:  - supports SSL with OpenSSL/1.0.2h
LogInit:  - supports HTTP deflate (compression) using libz 1.2.8
LogInit:  - other features:
LogInit:      CURL_VERSION_SSL
LogInit:      CURL_VERSION_LIBZ
LogInit:      CURL_VERSION_IPV6
LogInit:      CURL_VERSION_ASYNCHDNS
LogInit:      CURL_VERSION_LARGEFILE
LogInit:      CURL_VERSION_IDN
LogInit:  CurlRequestOptions (configurable via config and command line):
LogInit:  - bVerifyPeer = false  - Libcurl will NOT verify peer certificate
LogInit:  - bUseHttpProxy = false  - Libcurl will NOT use HTTP proxy
LogInit:  - bDontReuseConnections = false  - Libcurl will reuse connections
LogInit:  - CertBundlePath = nullptr  - Libcurl will use whatever was configured at build time.
LogInit:  - MaxHostConnections = 16  - Libcurl will limit the number of connections to a host
LogInit:  - LocalHostAddr = Default
LogInit:  - BufferSize = 65536
LogInit: WinSock: version 1.1 (2.2), MaxSocks=32767, MaxUdp=65467
LogInit: Build: ++UE4+Release-4.20-CL-4233996
LogInit: Engine Version: 4.20.1-4233996+++UE4+Release-4.20
LogInit: Compatible Engine Version: 4.20.0-4212847+++UE4+Release-4.20
LogInit: Net CL: 4212847
LogInit: OS: Windows 10 (), CPU: Intel(R) Core(TM) i7-6700 CPU @ 3.40GHz, GPU: AMD FirePro W4100
LogInit: Compiled (64-bit): Jul 26 2018 10:07:30
LogInit: Compiled with Visual C++: 19.13.26129.00
LogInit: Build Configuration: Development
LogInit: Branch Name: ++UE4+Release-4.20
LogInit: Command Line: 
LogInit: Base Directory: C:/Program Files/Epic Games/UE_4.20/Engine/Binaries/Win64/
LogInit: Installed Engine Build: 1
LogDevObjectVersion: Number of dev versions registered: 20
LogDevObjectVersion:   Dev-Blueprints (B0D832E4-1F89-4F0D-ACCF-7EB736FD4AA2): 10
LogDevObjectVersion:   Dev-Build (E1C64328-A22C-4D53-A36C-8E866417BD8C): 0
LogDevObjectVersion:   Dev-Core (375EC13C-06E4-48FB-B500-84F0262A717E): 2
LogDevObjectVersion:   Dev-Editor (E4B068ED-F494-42E9-A231-DA0B2E46BB41): 24
LogDevObjectVersion:   Dev-Framework (CFFC743F-43B0-4480-9391-14DF171D2073): 34
LogDevObjectVersion:   Dev-Mobile (B02B49B5-BB20-44E9-A304-32B752E40360): 2
LogDevObjectVersion:   Dev-Networking (A4E4105C-59A1-49B5-A7C5-40C4547EDFEE): 0
LogDevObjectVersion:   Dev-Online (39C831C9-5AE6-47DC-9A44-9C173E1C8E7C): 0
LogDevObjectVersion:   Dev-Physics (78F01B33-EBEA-4F98-B9B4-84EACCB95AA2): 0
LogDevObjectVersion:   Dev-Platform (6631380F-2D4D-43E0-8009-CF276956A95A): 0
LogDevObjectVersion:   Dev-Rendering (12F88B9F-8875-4AFC-A67C-D90C383ABD29): 26
LogDevObjectVersion:   Dev-Sequencer (7B5AE74C-D270-4C10-A958-57980B212A5A): 9
LogDevObjectVersion:   Dev-VR (D7296918-1DD6-4BDD-9DE2-64A83CC13884): 2
LogDevObjectVersion:   Dev-LoadTimes (C2A15278-BFE7-4AFE-6C17-90FF531DF755): 1
LogDevObjectVersion:   Private-Geometry (6EACA3D4-40EC-4CC1-B786-8BED09428FC5): 3
LogDevObjectVersion:   Dev-AnimPhys (29E575DD-E0A3-4627-9D10-D276232CDCEA): 17
LogDevObjectVersion:   Dev-ReflectionCapture (6B266CEC-1EC7-4B8F-A30B-E4D90942FC07): 1
LogDevObjectVersion:   Dev-Automation (0DF73D61-A23F-47EA-B727-89E90C41499A): 1
LogDevObjectVersion:   FortniteMain (601D1886-AC64-4F84-AA16-D3DE0DEAC7D6): 12
LogDevObjectVersion:   Dev-Enterprise (9DFFBCD6-494F-0158-E221-12823C92A888): 1
LogStreaming: Display: Took  0.000s to delete old logs.
LogInit: Presizing for max 8388607 objects, including 0 objects not considered by GC, pre-allocating 0 bytes for permanent pool.
LogInit: Object subsystem initialized
[2018.07.31-20.27.06:760][  0]LogInit: Selected Device Profile: [Windows]
[2018.07.31-20.27.06:760][  0]LogInit: Applying CVar settings loaded from the selected device profile: [Windows]
[2018.07.31-20.27.06:767][  0]LogHAL: Display: Platform has ~ 8 GB [8485916672 / 8589934592 / 8], which maps to Default [LargestMinGB=32, LargerMinGB=12, DefaultMinGB=8, SmallerMinGB=6, SmallestMinGB=0)
[2018.07.31-20.27.06:767][  0]LogInit: Setting Device Profile CVar: [[r.Vulkan.UseRealUBs:1]]
[2018.07.31-20.27.06:767][  0]LogInit: Going up to parent DeviceProfile []
[2018.07.31-20.27.06:768][  0]LogInit: Computer: CLSYSTEM01
[2018.07.31-20.27.06:768][  0]LogInit: User: User
[2018.07.31-20.27.06:768][  0]LogInit: CPU Page size=4096, Cores=4
[2018.07.31-20.27.06:768][  0]LogInit: High frequency timer resolution =3.328125 MHz
[2018.07.31-20.27.06:768][  0]LogMemory: Memory total: Physical=7.9GB (8GB approx)
[2018.07.31-20.27.06:768][  0]LogMemory: Platform Memory Stats for Windows
[2018.07.31-20.27.06:768][  0]LogMemory: Process Physical Memory: 99.95 MB used, 99.95 MB peak
[2018.07.31-20.27.06:768][  0]LogMemory: Process Virtual Memory: 90.95 MB used, 90.95 MB peak
[2018.07.31-20.27.06:768][  0]LogMemory: Physical Memory: 2634.08 MB used,  5458.72 MB free, 8092.80 MB total
[2018.07.31-20.27.06:768][  0]LogMemory: Virtual Memory: 509.47 MB used,  5458.72 MB free, 134217728.00 MB total
[2018.07.31-20.27.06:796][  0]LogInit: Using OS detected language (en-US).
[2018.07.31-20.27.06:796][  0]LogInit: Using OS detected locale (en-US).
[2018.07.31-20.27.06:797][  0]LogTextLocalizationManager: No specific localization for 'en-US' exists, so the 'en' localization will be used.
[2018.07.31-20.27.07:162][  0]LogStreaming: Display: Took  0.366s to InitEngineTextLocalization.
[2018.07.31-20.27.07:162][  0]LogInit: Setting process to per monitor DPI aware
[2018.07.31-20.27.07:180][  0]LogSlate: New Slate User Created.  User Index 0, Is Virtual User: 0
[2018.07.31-20.27.07:180][  0]LogSlate: Slate User Registered.  User Index 0, Is Virtual User: 0
[2018.07.31-20.27.07:450][  0]LogHMD: Failed to initialize OpenVR with code 110
[2018.07.31-20.27.07:450][  0]LogD3D11RHI: D3D11 adapters:
[2018.07.31-20.27.07:464][  0]LogD3D11RHI:    0. 'AMD FirePro W4100' (Feature Level 11_0)
[2018.07.31-20.27.07:464][  0]LogD3D11RHI:       2029/0/4046 MB DedicatedVideo/DedicatedSystem/SharedSystem, Outputs:1, VendorId:0x1002
[2018.07.31-20.27.07:465][  0]LogD3D11RHI:    1. 'Microsoft Basic Render Driver' (Feature Level 11_0)
[2018.07.31-20.27.07:465][  0]LogD3D11RHI:       0/0/4046 MB DedicatedVideo/DedicatedSystem/SharedSystem, Outputs:0, VendorId:0x1414
[2018.07.31-20.27.07:465][  0]LogD3D11RHI: Chosen D3D11 Adapter: 0
[2018.07.31-20.27.07:470][  0]LogD3D11RHI: Creating new Direct3DDevice
[2018.07.31-20.27.07:470][  0]LogD3D11RHI:     GPU DeviceId: 0x682c (for the marketing name, search the web for "GPU Device Id")
[2018.07.31-20.27.07:470][  0]LogWindows: EnumDisplayDevices:
[2018.07.31-20.27.07:470][  0]LogWindows:    0. 'AMD FirePro W4100' (P:1 D:1)
[2018.07.31-20.27.07:470][  0]LogWindows:    1. 'AMD FirePro W4100' (P:0 D:0)
[2018.07.31-20.27.07:470][  0]LogWindows:    2. 'AMD FirePro W4100' (P:0 D:0)
[2018.07.31-20.27.07:470][  0]LogWindows:    3. 'AMD FirePro W4100' (P:0 D:0)
[2018.07.31-20.27.07:471][  0]LogWindows:    4. 'AMD FirePro W4100' (P:0 D:0)
[2018.07.31-20.27.07:471][  0]LogWindows:    5. 'AMD FirePro W4100' (P:0 D:0)
[2018.07.31-20.27.07:471][  0]LogWindows:    6. 'LogMeIn Mirror Driver' (P:0 D:0)
[2018.07.31-20.27.07:471][  0]LogWindows: DebugString: GetVideoDriverDetailsInvalid PrimaryIsNotTheChoosenAdapter FoundDriverCount:6 
[2018.07.31-20.27.07:471][  0]LogD3D11RHI:     Adapter Name: AMD FirePro W4100
[2018.07.31-20.27.07:471][  0]LogD3D11RHI:   Driver Version: Crimson ReLive 17.1.1 (internal:21.19.384.3, unified:21.19.384.3)
[2018.07.31-20.27.07:471][  0]LogD3D11RHI:      Driver Date: 1-11-2017
[2018.07.31-20.27.07:471][  0]LogRHI: Texture pool is 1420 MB (70% of 2029 MB)
[2018.07.31-20.27.07:512][  0]LogD3D11RHI: Async texture creation enabled
[2018.07.31-20.27.07:522][  0]LogD3D11RHI: GPU Timing Frequency: 27.000000 (Debug: 2 1)
[2018.07.31-20.27.07:523][  0]LogShaderCompilers: Guid format shader working directory is 7 characters bigger than the processId version (../../../../../../Users/User/Nolan/FPS/Intermediate/Shaders/WorkingDirectory/9484/).
[2018.07.31-20.27.07:523][  0]LogShaderCompilers: Cleaned the shader compiler working directory 'C:/Users/User/AppData/Local/Temp/UnrealShaderWorkingDir/9CD8A60D46B7E8AD7E366BA93889C527/'.
[2018.07.31-20.27.07:708][  0]LogTemp: Display: Loaded TP AllDesktopTargetPlatform
[2018.07.31-20.27.07:719][  0]LogTemp: Display: Loaded TP MacClientTargetPlatform
[2018.07.31-20.27.07:731][  0]LogTemp: Display: Loaded TP MacNoEditorTargetPlatform
[2018.07.31-20.27.07:743][  0]LogTemp: Display: Loaded TP MacServerTargetPlatform
[2018.07.31-20.27.07:755][  0]LogTemp: Display: Loaded TP MacTargetPlatform
[2018.07.31-20.27.07:767][  0]LogTemp: Display: Loaded TP WindowsClientTargetPlatform
[2018.07.31-20.27.07:779][  0]LogTemp: Display: Loaded TP WindowsNoEditorTargetPlatform
[2018.07.31-20.27.07:790][  0]LogTemp: Display: Loaded TP WindowsServerTargetPlatform
[2018.07.31-20.27.07:796][  0]LogTemp: Display: Loaded TP WindowsTargetPlatform
[2018.07.31-20.27.07:876][  0]LogTemp: Display: Loaded TP AndroidTargetPlatform
[2018.07.31-20.27.07:876][  0]LogTemp: Display: Loaded TP AndroidTargetPlatform
[2018.07.31-20.27.07:877][  0]LogTemp: Display: Loaded TP AndroidTargetPlatform
[2018.07.31-20.27.07:877][  0]LogTemp: Display: Loaded TP AndroidTargetPlatform
[2018.07.31-20.27.07:877][  0]LogTemp: Display: Loaded TP AndroidTargetPlatform
[2018.07.31-20.27.07:877][  0]LogTemp: Display: Loaded TP AndroidTargetPlatform
[2018.07.31-20.27.07:877][  0]LogTemp: Display: Loaded TP AndroidTargetPlatform
[2018.07.31-20.27.07:877][  0]LogTemp: Display: Loaded TP AndroidTargetPlatform
[2018.07.31-20.27.07:877][  0]LogTemp: Display: Loaded TP AndroidTargetPlatform
[2018.07.31-20.27.07:877][  0]LogTemp: Display: Loaded TP AndroidTargetPlatform
[2018.07.31-20.27.07:877][  0]LogTemp: Display: Loaded TP AndroidTargetPlatform
[2018.07.31-20.27.07:877][  0]LogTemp: Display: Loaded TP AndroidTargetPlatform
[2018.07.31-20.27.07:877][  0]LogTemp: Display: Loaded TP AndroidTargetPlatform
[2018.07.31-20.27.07:877][  0]LogTemp: Display: Loaded TP AndroidTargetPlatform
[2018.07.31-20.27.07:877][  0]LogTemp: Display: Loaded TP AndroidTargetPlatform
[2018.07.31-20.27.07:877][  0]LogTemp: Display: Loaded TP AndroidTargetPlatform
[2018.07.31-20.27.07:877][  0]LogTemp: Display: Loaded TP AndroidTargetPlatform
[2018.07.31-20.27.07:877][  0]LogTemp: Display: Loaded TP AndroidTargetPlatform
[2018.07.31-20.27.07:879][  0]LogTemp: Display: Loaded TP HTML5TargetPlatform
[2018.07.31-20.27.07:939][  0]LogTemp: Display: Loaded TP IOSTargetPlatform
[2018.07.31-20.27.07:939][  0]LogTemp: Display: Loaded TP IOSTargetPlatform
[2018.07.31-20.27.07:962][  0]LogTemp: Display: Loaded TP TVOSTargetPlatform
[2018.07.31-20.27.07:962][  0]LogTemp: Display: Loaded TP TVOSTargetPlatform
[2018.07.31-20.27.07:974][  0]LogTemp: Display: Loaded TP LinuxClientTargetPlatform
[2018.07.31-20.27.07:986][  0]LogTemp: Display: Loaded TP LinuxNoEditorTargetPlatform
[2018.07.31-20.27.08:000][  0]LogTemp: Display: Loaded TP LinuxServerTargetPlatform
[2018.07.31-20.27.08:012][  0]LogTemp: Display: Loaded TP LinuxTargetPlatform
[2018.07.31-20.27.08:021][  0]LogTemp: Display: Loaded TP LuminTargetPlatform
[2018.07.31-20.27.08:021][  0]LogTargetPlatformManager: Display: Building Assets For Windows
[2018.07.31-20.27.08:084][  0]LogXGEController: Cleaning working directory: C:/Users/User/AppData/Local/Temp/UnrealXGEWorkingDir/
[2018.07.31-20.27.08:084][  0]LogXGEController: Cannot use XGE Controller as Incredibuild is not installed on this machine.
[2018.07.31-20.27.08:084][  0]LogShaderCompilers: Cannot use XGE Shader Compiler as Incredibuild is not installed on this machine.
[2018.07.31-20.27.08:084][  0]LogShaderCompilers: Display: Using Local Shader Compiler.
[2018.07.31-20.27.08:822][  0]LogDerivedDataCache: Display: Max Cache Size: 512 MB
[2018.07.31-20.27.09:283][  0]LogDerivedDataCache: Loaded boot cache 0.46s 87MB C:/Users/User/AppData/Local/UnrealEngine/4.20/DerivedDataCache/Boot.ddc.
[2018.07.31-20.27.09:283][  0]LogDerivedDataCache: Display: Loaded Boot cache: C:/Users/User/AppData/Local/UnrealEngine/4.20/DerivedDataCache/Boot.ddc
[2018.07.31-20.27.09:283][  0]LogDerivedDataCache: FDerivedDataBackendGraph:  Pak pak cache file ../../../../../../Users/User/Nolan/FPS/DerivedDataCache/DDC.ddp not found, will not use a pak cache.
[2018.07.31-20.27.09:283][  0]LogDerivedDataCache: Unable to find inner node Pak for hierarchical cache Hierarchy.
[2018.07.31-20.27.09:283][  0]LogDerivedDataCache: FDerivedDataBackendGraph:  CompressedPak pak cache file ../../../../../../Users/User/Nolan/FPS/DerivedDataCache/Compressed.ddp not found, will not use a pak cache.
[2018.07.31-20.27.09:283][  0]LogDerivedDataCache: Unable to find inner node CompressedPak for hierarchical cache Hierarchy.
[2018.07.31-20.27.09:295][  0]LogDerivedDataCache: Display: Pak cache opened for reading ../../../Engine/DerivedDataCache/Compressed.ddp.
[2018.07.31-20.27.09:308][  0]LogDerivedDataCache: Using Local data cache path C:/Users/User/AppData/Local/UnrealEngine/Common/DerivedDataCache: Writable
[2018.07.31-20.27.09:308][  0]LogDerivedDataCache: Shared data cache path not found in *engine.ini, will not use an Shared cache.
[2018.07.31-20.27.09:308][  0]LogDerivedDataCache: Unable to find inner node Shared for hierarchical cache Hierarchy.
[2018.07.31-20.27.09:325][  0]LogMaterial: Verifying Global Shaders for PCD3D_SM5
[2018.07.31-20.27.09:327][  0]LogSlate: Using FreeType 2.6.0
[2018.07.31-20.27.09:329][  0]LogSlate: SlateFontServices - WITH_FREETYPE: 1, WITH_HARFBUZZ: 1
[2018.07.31-20.27.09:449][  0]LogAssetRegistry: FAssetRegistry took 0.0258 seconds to start up
[2018.07.31-20.27.09:796][  0]LogInit: Selected Device Profile: [Windows]
[2018.07.31-20.27.09:918][  0]LogSimplygon: Simplygon DLL not present - disabling.
[2018.07.31-20.27.09:922][  0]LogMeshReduction: Using SimplygonSwarm for distributed automatic mesh merging
[2018.07.31-20.27.09:922][  0]LogMeshReduction: Using ProxyLODMeshReduction for automatic mesh merging
[2018.07.31-20.27.09:922][  0]LogMeshReduction: Using QuadricMeshReduction for automatic static mesh reduction
[2018.07.31-20.27.09:922][  0]LogMeshReduction: No automatic skeletal mesh reduction module available
[2018.07.31-20.27.09:935][  0]LogNetVersion: MyProject 1.0.0, NetCL: 4212847, EngineNetVer: 5, GameNetVer: 0 (Checksum: 1110078900)
[2018.07.31-20.27.10:380][  0]LogPackageLocalizationCache: Processed 11 localized package path(s) for 2 prioritized culture(s) in 0.080478 seconds
[2018.07.31-20.27.10:388][  0]LogUObjectArray: 38425 objects as part of root set at end of initial load.
[2018.07.31-20.27.10:388][  0]LogUObjectAllocator: 6690864 out of 0 bytes used by permanent object pool.
[2018.07.31-20.27.10:388][  0]LogUObjectArray: CloseDisregardForGC: 0/0 objects in disregard for GC pool
[2018.07.31-20.27.11:828][  0]LogTcpMessaging: Initializing TcpMessaging bridge
[2018.07.31-20.27.11:842][  0]LogUdpMessaging: Initializing bridge on interface 0.0.0.0:0 to multicast group 230.0.0.1:6666.
[2018.07.31-20.27.11:997][  0]SourceControl: Source control is disabled
[2018.07.31-20.27.11:997][  0]SourceControl: Source control is disabled
[2018.07.31-20.27.12:000][  0]SourceControl: Source control is disabled
[2018.07.31-20.27.12:002][  0]SourceControl: Source control is disabled
[2018.07.31-20.27.12:188][  0]LogAndroidPermission: UAndroidPermissionCallbackProxy::GetInstance
[2018.07.31-20.27.12:229][  0]LogOcInput: OculusInput pre-init called
[2018.07.31-20.27.12:300][  0]LogEngine: Initializing Engine...
[2018.07.31-20.27.12:301][  0]LogHMD: Failed to initialize OpenVR with code 110
[2018.07.31-20.27.12:302][  0]LogStats: UGameplayTagsManager::ConstructGameplayTagTree: ImportINI prefixes -  0.000 s
[2018.07.31-20.27.12:302][  0]LogStats: UGameplayTagsManager::ConstructGameplayTagTree: Construct from data asset -  0.000 s
[2018.07.31-20.27.12:302][  0]LogStats: UGameplayTagsManager::ConstructGameplayTagTree: ImportINI -  0.000 s
[2018.07.31-20.27.12:302][  0]LogStats: UGameplayTagsManager::ConstructGameplayTagTree: GameplayTagTreeChangedEvent.Broadcast -  0.000 s
[2018.07.31-20.27.12:557][  0]LogInit: Initializing FReadOnlyCVARCache
[2018.07.31-20.27.12:571][  0]LogAIModule: Creating AISystem for world Untitled
[2018.07.31-20.27.12:577][  0]LogInit: XAudio2 using 'Speakers / Headphones (Realtek Audio)' : 2 channels at 48 kHz using 32 bits per sample (channel mask 0x3)
[2018.07.31-20.27.12:714][  0]LogInit: FAudioDevice initialized.
[2018.07.31-20.27.12:714][  0]LogNetVersion: Set ProjectVersion to 1.0.0.0. Version Checksum will be recalculated on next use.
[2018.07.31-20.27.12:786][  0]LogDerivedDataCache: Saved boot cache 0.07s 87MB C:/Users/User/AppData/Local/UnrealEngine/4.20/DerivedDataCache/Boot.ddc.
[2018.07.31-20.27.12:794][  0]LogInit: Texture streaming: Enabled
[2018.07.31-20.27.12:810][  0]LogEngineSessionManager: EngineSessionManager initialized
[2018.07.31-20.27.12:821][  0]LogInit: Transaction tracking system initialized
[2018.07.31-20.27.12:848][  0]BlueprintLog: New page: Editor Load
[2018.07.31-20.27.12:932][  0]LocalizationService: Localization service is disabled
[2018.07.31-20.27.13:182][  0]LogCook: Display: Max memory allowance for cook 16384mb min free memory 0mb
[2018.07.31-20.27.13:182][  0]LogCook: Display: Mobile HDR setting 1
[2018.07.31-20.27.13:182][  0]LogGameplayTags: Display: UGameplayTagsManager::DoneAddingNativeTags. DelegateIsBound: 0
[2018.07.31-20.27.13:182][  0]LogStats: UGameplayTagsManager::ConstructGameplayTagTree: ImportINI prefixes -  0.000 s
[2018.07.31-20.27.13:182][  0]LogStats: UGameplayTagsManager::ConstructGameplayTagTree: Construct from data asset -  0.000 s
[2018.07.31-20.27.13:182][  0]LogStats: UGameplayTagsManager::ConstructGameplayTagTree: ImportINI -  0.000 s
[2018.07.31-20.27.13:182][  0]LogStats: UGameplayTagsManager::ConstructGameplayTagTree: GameplayTagTreeChangedEvent.Broadcast -  0.000 s
[2018.07.31-20.27.13:327][  0]LogFileCache: Scanning file cache for directory 'C:/Users/User/Nolan/FPS/Content/' took 0.01s
[2018.07.31-20.27.13:327][  0]SourceControl: Source control is disabled
[2018.07.31-20.27.13:327][  0]Cmd: MAP LOAD FILE="../../../../../../Users/User/Nolan/FPS/Content/FirstPersonBP/Maps/FirstPersonExampleMap.umap" TEMPLATE=0 SHOWPROGRESS=1 FEATURELEVEL=3
[2018.07.31-20.27.13:328][  0]LightingResults: New page: Lighting Build
[2018.07.31-20.27.13:331][  0]MapCheck: New page: Map Check
[2018.07.31-20.27.13:331][  0]LightingResults: New page: Lighting Build
[2018.07.31-20.27.13:936][  0]LogAIModule: Creating AISystem for world FirstPersonExampleMap
[2018.07.31-20.27.13:946][  0]LogEditorServer: Finished looking for orphan Actors (0.000 secs)
[2018.07.31-20.27.13:970][  0]Cmd: MAP CHECKDEP NOCLEARLOG
[2018.07.31-20.27.14:020][  0]MapCheck: Map check complete: 0 Error(s), 0 Warning(s), took 48.883ms to complete.
[2018.07.31-20.27.14:020][  0]LogFileHelpers: Loading map 'FirstPersonExampleMap' took 0.692
[2018.07.31-20.27.14:107][  0]LogSlate: Updating window title bar state: overlay mode, drag disabled, window buttons hidden, title bar hidden
[2018.07.31-20.27.14:114][  0]LogSlate: Updating window title bar state: overlay mode, drag disabled, window buttons hidden, title bar hidden
[2018.07.31-20.27.14:121][  0]LogSlate: Updating window title bar state: overlay mode, drag disabled, window buttons hidden, title bar hidden
[2018.07.31-20.27.14:127][  0]LogSlate: Updating window title bar state: overlay mode, drag disabled, window buttons hidden, title bar hidden
[2018.07.31-20.27.14:136][  0]LogCollectionManager: Loaded 0 collections in 0.002764 seconds
[2018.07.31-20.27.14:175][  0]LogFileCache: Scanning file cache for directory 'C:/Users/User/Nolan/FPS/Saved/Collections/' took 0.01s
[2018.07.31-20.27.14:175][  0]LogFileCache: Scanning file cache for directory 'C:/Users/User/Nolan/FPS/Content/Developers/User/Collections/' took 0.01s
[2018.07.31-20.27.14:175][  0]LogFileCache: Scanning file cache for directory 'C:/Users/User/Nolan/FPS/Content/Collections/' took 0.01s
[2018.07.31-20.27.14:175][  0]LogCollectionManager: Rebuilt the GUID cache for 0 collections in 0.000000 seconds
[2018.07.31-20.27.14:184][  0]LogContentBrowser: Native class hierarchy populated in 0.0087 seconds. Added 2572 classes and 603 folders.
[2018.07.31-20.27.14:190][  0]LogContentBrowser: Native class hierarchy updated for 'WidgetCarousel' in 0.0002 seconds. Added 0 classes and 0 folders.
[2018.07.31-20.27.14:302][  0]LogContentBrowser: Native class hierarchy updated for 'AddContentDialog' in 0.0002 seconds. Added 0 classes and 0 folders.
[2018.07.31-20.27.14:307][  0]LogContentBrowser: Native class hierarchy updated for 'SceneOutliner' in 0.0002 seconds. Added 1 classes and 2 folders.
[2018.07.31-20.27.14:321][  0]LogSlate: Took 0.001327 seconds to synchronously load lazily loaded font '../../../Engine/Content/Slate/Fonts/Roboto-Regular.ttf' (155K)
[2018.07.31-20.27.14:324][  0]LogSlate: Took 0.001324 seconds to synchronously load lazily loaded font '../../../Engine/Content/Slate/Fonts/Roboto-Bold.ttf' (160K)
[2018.07.31-20.27.14:330][  0]LogSlate: Took 0.001026 seconds to synchronously load lazily loaded font '../../../Engine/Content/Editor/Slate/Fonts/FontAwesome.ttf' (139K)
[2018.07.31-20.27.14:417][  0]LogRenderer: Reallocating scene render targets to support 1208x576 Format 10 NumSamples 1 (Frame:1).
[2018.07.31-20.27.14:554][  0]LogSlate: FSceneViewport::OnFocusLost() reason 2
[2018.07.31-20.27.14:568][  0]LogSlate: Window 'Tutorials' being destroyed
[2018.07.31-20.27.14:602][  0]LogContentBrowser: Native class hierarchy updated for 'HierarchicalLODOutliner' in 0.0002 seconds. Added 0 classes and 0 folders.
[2018.07.31-20.27.14:602][  0]LogLoad: (Engine Initialization) Total time: 9.75 seconds
[2018.07.31-20.27.14:602][  0]LogLoad: (Engine Initialization) Total Blueprint compile time: 0.00 seconds
[2018.07.31-20.27.14:638][  0]LogContentStreaming: Texture pool size now 3000 MB
[2018.07.31-20.27.14:657][  0]LogSlate: Took 0.001388 seconds to synchronously load lazily loaded font '../../../Engine/Content/Slate/Fonts/Roboto-Light.ttf' (167K)
[2018.07.31-20.27.14:677][  1]LogAssetRegistry: Asset discovery search completed in 5.2510 seconds
[2018.07.31-20.27.14:679][  1]LogCollectionManager: Rebuilt the object cache for 0 collections in 0.000000 seconds (found 0 objects)
[2018.07.31-20.27.14:679][  1]LogCollectionManager: Fixed up redirectors for 0 collections in 0.000046 seconds (updated 0 objects)
[2018.07.31-20.27.16:008][  5]LogSlate: Took 0.000141 seconds to synchronously load lazily loaded font '../../../Engine/Content/Slate/Fonts/Roboto-Light.ttf' (167K)
[2018.07.31-20.34.08:902][235]LogSlate: FSceneViewport::OnFocusLost() reason 0
[2018.07.31-20.34.14:388][462]LogAssetEditorManager: Opening Asset editor for Blueprint /Game/FirstPersonBP/Blueprints/FirstPersonProjectile.FirstPersonProjectile
[2018.07.31-20.34.14:780][462]LogContentBrowser: Native class hierarchy updated for 'BlueprintGraph' in 0.0005 seconds. Added 116 classes and 0 folders.
[2018.07.31-20.34.15:484][462]LogSlate: Took 0.000122 seconds to synchronously load lazily loaded font '../../../Engine/Content/Slate/Fonts/Roboto-BoldCondensed.ttf' (158K)
[2018.07.31-20.34.15:533][463]LogSlate: Took 0.000205 seconds to synchronously load lazily loaded font '../../../Engine/Content/Slate/Fonts/Roboto-Italic.ttf' (157K)
[2018.07.31-20.34.18:723][682]LogSlate: Window 'FirstPersonProjectile' being destroyed
[2018.07.31-20.34.37:151][640]LogAssetEditorManager: Opening Asset editor for Blueprint /Game/FirstPersonBP/Blueprints/FirstPersonCharacter.FirstPersonCharacter
[2018.07.31-20.35.16:594][611]LogTemp: Repeating last play command: Selected Viewport
[2018.07.31-20.35.16:606][611]LogBlueprintUserMessages: Early PlayInEditor Detection: Level '/Game/FirstPersonBP/Maps/FirstPersonExampleMap.FirstPersonExampleMap:PersistentLevel' has LevelScriptBlueprint '/Game/FirstPersonBP/Maps/FirstPersonExampleMap.FirstPersonExampleMap:PersistentLevel.FirstPersonExampleMap' with GeneratedClass '/Game/FirstPersonBP/Maps/FirstPersonExampleMap.FirstPersonExampleMap_C' with ClassGeneratedBy '/Game/FirstPersonBP/Maps/FirstPersonExampleMap.FirstPersonExampleMap:PersistentLevel.FirstPersonExampleMap'
[2018.07.31-20.35.16:606][611]BlueprintLog: New page: Pre-Play auto-recompile
[2018.07.31-20.35.16:624][611]LogPlayLevel: [PlayLevel] Compiling FirstPersonProjectile before play...
[2018.07.31-20.35.16:799][611]LogPlayLevel: PlayLevel: Blueprint regeneration took 193 ms (1 blueprints)
[2018.07.31-20.35.16:811][611]PIE: New page: PIE session: FirstPersonExampleMap (Jul 31, 2018, 6:35:16 AM)
[2018.07.31-20.35.16:812][611]LogPlayLevel: Creating play world package: /Game/FirstPersonBP/Maps/UEDPIE_0_FirstPersonExampleMap
[2018.07.31-20.35.16:838][611]LogPlayLevel: PIE: StaticDuplicateObject took: (0.026134s)
[2018.07.31-20.35.16:839][611]LogAIModule: Creating AISystem for world FirstPersonExampleMap
[2018.07.31-20.35.16:839][611]LogPlayLevel: PIE: World Init took: (0.001085s)
[2018.07.31-20.35.16:839][611]LogPlayLevel: PIE: Created PIE world by copying editor world from /Game/FirstPersonBP/Maps/FirstPersonExampleMap.FirstPersonExampleMap to /Game/FirstPersonBP/Maps/UEDPIE_0_FirstPersonExampleMap.FirstPersonExampleMap (0.027384s)
[2018.07.31-20.35.16:871][611]LogInit: XAudio2 using 'Speakers / Headphones (Realtek Audio)' : 2 channels at 48 kHz using 32 bits per sample (channel mask 0x3)
[2018.07.31-20.35.16:882][611]LogInit: FAudioDevice initialized.
[2018.07.31-20.35.16:889][611]LogSlate: Updating window title bar state: overlay mode, drag disabled, window buttons hidden, title bar hidden
[2018.07.31-20.35.16:933][611]LogLoad: Game class is 'FirstPersonGameMode_C'
[2018.07.31-20.35.16:935][611]LogWorld: Bringing World /Game/FirstPersonBP/Maps/UEDPIE_0_FirstPersonExampleMap.FirstPersonExampleMap up for play (max tick rate 0) at 2018.07.31-13.35.16
[2018.07.31-20.35.16:936][611]LogWorld: Bringing up level for play took: 0.001931
[2018.07.31-20.35.16:954][611]LogContentBrowser: Native class hierarchy updated for 'MovieSceneCapture' in 0.0002 seconds. Added 10 classes and 0 folders.
[2018.07.31-20.35.16:956][611]PIE: Play in editor start time for /Game/FirstPersonBP/Maps/UEDPIE_0_FirstPersonExampleMap 0.75
[2018.07.31-20.35.16:956][611]LogBlueprintUserMessages: Late PlayInEditor Detection: Level '/Game/FirstPersonBP/Maps/FirstPersonExampleMap.FirstPersonExampleMap:PersistentLevel' has LevelScriptBlueprint '/Game/FirstPersonBP/Maps/FirstPersonExampleMap.FirstPersonExampleMap:PersistentLevel.FirstPersonExampleMap' with GeneratedClass '/Game/FirstPersonBP/Maps/FirstPersonExampleMap.FirstPersonExampleMap_C' with ClassGeneratedBy '/Game/FirstPersonBP/Maps/FirstPersonExampleMap.FirstPersonExampleMap:PersistentLevel.FirstPersonExampleMap'
[2018.07.31-20.35.17:003][611]LogRenderer: Reallocating scene render targets to support 1292x756 Format 10 NumSamples 1 (Frame:1).
[2018.07.31-20.35.17:962][649]LogSpawn: Warning: SpawnActor failed because of collision at the spawn location [X=774.635 Y=-57.141 Z=295.205] for [FirstPersonProjectile_C]
[2018.07.31-20.35.20:062][734]LogSpawn: Warning: SpawnActor failed because of collision at the spawn location [X=-942.802 Y=706.771 Z=298.144] for [FirstPersonProjectile_C]
[2018.07.31-20.35.20:804][764]LogSpawn: Warning: SpawnActor failed because of collision at the spawn location [X=-962.242 Y=736.740 Z=278.013] for [FirstPersonProjectile_C]
[2018.07.31-20.35.22:214][820]LogSpawn: Warning: SpawnActor failed because of collision at the spawn location [X=-828.635 Y=803.185 Z=255.532] for [FirstPersonProjectile_C]
[2018.07.31-20.35.23:270][862]LogSpawn: Warning: SpawnActor failed because of collision at the spawn location [X=-1047.352 Y=146.899 Z=236.007] for [FirstPersonProjectile_C]
[2018.07.31-20.35.24:241][901]LogSpawn: Warning: SpawnActor failed because of collision at the spawn location [X=-1504.075 Y=279.729 Z=182.814] for [FirstPersonProjectile_C]
[2018.07.31-20.35.25:592][953]LogBlueprintUserMessages: Early EndPlayMap Detection: Level '/Game/FirstPersonBP/Maps/FirstPersonExampleMap.FirstPersonExampleMap:PersistentLevel' has LevelScriptBlueprint '/Game/FirstPersonBP/Maps/FirstPersonExampleMap.FirstPersonExampleMap:PersistentLevel.FirstPersonExampleMap' with GeneratedClass '/Game/FirstPersonBP/Maps/FirstPersonExampleMap.FirstPersonExampleMap_C' with ClassGeneratedBy '/Game/FirstPersonBP/Maps/FirstPersonExampleMap.FirstPersonExampleMap:PersistentLevel.FirstPersonExampleMap'
[2018.07.31-20.35.25:592][953]LogSlate: Updating window title bar state: overlay mode, drag disabled, window buttons hidden, title bar hidden
[2018.07.31-20.35.25:601][953]LogSlate: Window 'MyProject Game Preview Standalone (64-bit/PCD3D_SM5)' being destroyed
[2018.07.31-20.35.25:651][953]LogPlayLevel: Display: Shutting down PIE online subsystems
[2018.07.31-20.35.25:651][953]LogBlueprintUserMessages: Late EndPlayMap Detection: Level '/Game/FirstPersonBP/Maps/FirstPersonExampleMap.FirstPersonExampleMap:PersistentLevel' has LevelScriptBlueprint '/Game/FirstPersonBP/Maps/FirstPersonExampleMap.FirstPersonExampleMap:PersistentLevel.FirstPersonExampleMap' with GeneratedClass '/Game/FirstPersonBP/Maps/FirstPersonExampleMap.FirstPersonExampleMap_C' with ClassGeneratedBy '/Game/FirstPersonBP/Maps/FirstPersonExampleMap.FirstPersonExampleMap:PersistentLevel.FirstPersonExampleMap'
[2018.07.31-20.35.25:696][954]LogPlayLevel: Display: Destroying online subsystem :Context_5
[2018.07.31-20.35.35:399][106]LogTemp: Repeating last play command: Selected Viewport
[2018.07.31-20.35.35:413][106]LogBlueprintUserMessages: Early PlayInEditor Detection: Level '/Game/FirstPersonBP/Maps/FirstPersonExampleMap.FirstPersonExampleMap:PersistentLevel' has LevelScriptBlueprint '/Game/FirstPersonBP/Maps/FirstPersonExampleMap.FirstPersonExampleMap:PersistentLevel.FirstPersonExampleMap' with GeneratedClass '/Game/FirstPersonBP/Maps/FirstPersonExampleMap.FirstPersonExampleMap_C' with ClassGeneratedBy '/Game/FirstPersonBP/Maps/FirstPersonExampleMap.FirstPersonExampleMap:PersistentLevel.FirstPersonExampleMap'
[2018.07.31-20.35.35:413][106]BlueprintLog: New page: Pre-Play auto-recompile
[2018.07.31-20.35.35:419][106]LogPlayLevel: [PlayLevel] Compiling FirstPersonProjectile before play...
[2018.07.31-20.35.35:606][106]LogPlayLevel: PlayLevel: Blueprint regeneration took 193 ms (1 blueprints)
[2018.07.31-20.35.35:606][106]PIE: New page: PIE session: FirstPersonExampleMap (Jul 31, 2018, 6:35:35 AM)
[2018.07.31-20.35.35:607][106]LogPlayLevel: Creating play world package: /Game/FirstPersonBP/Maps/UEDPIE_0_FirstPersonExampleMap
[2018.07.31-20.35.35:627][106]LogPlayLevel: PIE: StaticDuplicateObject took: (0.020802s)
[2018.07.31-20.35.35:629][106]LogAIModule: Creating AISystem for world FirstPersonExampleMap
[2018.07.31-20.35.35:629][106]LogPlayLevel: PIE: World Init took: (0.001396s)
[2018.07.31-20.35.35:629][106]LogPlayLevel: PIE: Created PIE world by copying editor world from /Game/FirstPersonBP/Maps/FirstPersonExampleMap.FirstPersonExampleMap to /Game/FirstPersonBP/Maps/UEDPIE_0_FirstPersonExampleMap.FirstPersonExampleMap (0.022406s)
[2018.07.31-20.35.35:660][106]LogInit: XAudio2 using 'Speakers / Headphones (Realtek Audio)' : 2 channels at 48 kHz using 32 bits per sample (channel mask 0x3)
[2018.07.31-20.35.35:673][106]LogInit: FAudioDevice initialized.
[2018.07.31-20.35.35:679][106]LogSlate: Updating window title bar state: overlay mode, drag disabled, window buttons hidden, title bar hidden
[2018.07.31-20.35.35:708][106]LogLoad: Game class is 'FirstPersonGameMode_C'
[2018.07.31-20.35.35:711][106]LogWorld: Bringing World /Game/FirstPersonBP/Maps/UEDPIE_0_FirstPersonExampleMap.FirstPersonExampleMap up for play (max tick rate 0) at 2018.07.31-13.35.35
[2018.07.31-20.35.35:711][106]LogWorld: Bringing up level for play took: 0.002589
[2018.07.31-20.35.35:724][106]PIE: Play in editor start time for /Game/FirstPersonBP/Maps/UEDPIE_0_FirstPersonExampleMap -0.482
[2018.07.31-20.35.35:725][106]LogBlueprintUserMessages: Late PlayInEditor Detection: Level '/Game/FirstPersonBP/Maps/FirstPersonExampleMap.FirstPersonExampleMap:PersistentLevel' has LevelScriptBlueprint '/Game/FirstPersonBP/Maps/FirstPersonExampleMap.FirstPersonExampleMap:PersistentLevel.FirstPersonExampleMap' with GeneratedClass '/Game/FirstPersonBP/Maps/FirstPersonExampleMap.FirstPersonExampleMap_C' with ClassGeneratedBy '/Game/FirstPersonBP/Maps/FirstPersonExampleMap.FirstPersonExampleMap:PersistentLevel.FirstPersonExampleMap'
