Log file open, 07/31/18 13:27:09
LogWindows: Failed to load 'aqProf.dll' (GetLastError=126)
LogWindows: File 'aqProf.dll' does not exist
LogWindows: Failed to load 'VtuneApi.dll' (GetLastError=126)
LogWindows: File 'VtuneApi.dll' does not exist
LogWindows: Failed to load 'VtuneApi32e.dll' (GetLastError=126)
LogWindows: File 'VtuneApi32e.dll' does not exist
LogInit: Display: Running engine for game: MyProject
LogPlatformFile: Not using cached read wrapper
LogTaskGraph: Started task graph with 5 named threads and 23 total threads with 3 sets of task threads.
LogStats: Stats thread started at 0.273166
LogD3D11RHI: Loaded GFSDK_Aftermath_Lib.x64.dll
LogICUInternationalization: Display: ICU TimeZone Detection - Raw Offset: -8:00, Platform Override: ''
LogPluginManager: Mounting plugin Paper2D
LogPluginManager: Mounting plugin AISupport
LogPluginManager: Mounting plugin LightPropagationVolume
LogPluginManager: Mounting plugin CLionSourceCodeAccess
LogPluginManager: Mounting plugin CodeLiteSourceCodeAccess
LogPluginManager: Mounting plugin GitSourceControl
LogPluginManager: Mounting plugin KDevelopSourceCodeAccess
LogPluginManager: Mounting plugin NullSourceCodeAccess
LogPluginManager: Mounting plugin PerforceSourceControl
LogPluginManager: Mounting plugin SubversionSourceControl
LogPluginManager: Mounting plugin UObjectPlugin
LogPluginManager: Mounting plugin VisualStudioCodeSourceCodeAccess
LogPluginManager: Mounting plugin VisualStudioSourceCodeAccess
LogPluginManager: Mounting plugin XCodeSourceCodeAccess
LogPluginManager: Mounting plugin AssetManagerEditor
LogPluginManager: Mounting plugin CryptoKeys
LogPluginManager: Mounting plugin DataValidation
LogPluginManager: Mounting plugin FacialAnimation
LogPluginManager: Mounting plugin GameplayTagsEditor
LogPluginManager: Mounting plugin MacGraphicsSwitching
LogPluginManager: Mounting plugin MeshEditor
LogPluginManager: Mounting plugin MobileLauncherProfileWizard
LogPluginManager: Mounting plugin PluginBrowser
LogPluginManager: Mounting plugin SpeedTreeImporter
LogPluginManager: Mounting plugin DatasmithContent
LogPluginManager: Mounting plugin AlembicImporter
LogPluginManager: Mounting plugin AppleImageUtils
LogPluginManager: Mounting plugin AppleVision
LogPluginManager: Mounting plugin BackChannel
LogPluginManager: Mounting plugin CharacterAI
LogPluginManager: Mounting plugin GeometryCache
LogPluginManager: Mounting plugin HTML5Networking
LogPluginManager: Mounting plugin ProxyLODPlugin
LogPluginManager: Mounting plugin MagicLeap
LogPluginManager: Mounting plugin MagicLeapEmulator
LogPluginManager: Mounting plugin MagicLeapMedia
LogPluginManager: Mounting plugin AndroidMedia
LogPluginManager: Mounting plugin AvfMedia
LogPluginManager: Mounting plugin ImgMedia
LogPluginManager: Mounting plugin LinearTimecode
LogPluginManager: Mounting plugin MediaCompositing
LogPluginManager: Mounting plugin MediaPlayerEditor
LogPluginManager: Mounting plugin WmfMedia
LogPluginManager: Mounting plugin TcpMessaging
LogPluginManager: Mounting plugin UdpMessaging
LogPluginManager: Mounting plugin ActorSequence
LogPluginManager: Mounting plugin LevelSequenceEditor
LogPluginManager: Mounting plugin MatineeToLevelSequence
LogPluginManager: Mounting plugin NetcodeUnitTest
LogPluginManager: Mounting plugin NUTUnrealEngine4
LogPluginManager: Mounting plugin OnlineSubsystemGooglePlay
LogPluginManager: Mounting plugin OnlineSubsystemIOS
LogPluginManager: Mounting plugin OnlineSubsystem
LogPluginManager: Mounting plugin OnlineSubsystemNull
LogPluginManager: Mounting plugin OnlineSubsystemUtils
LogPluginManager: Mounting plugin LauncherChunkInstaller
LogPluginManager: Mounting plugin AndroidDeviceProfileSelector
LogPluginManager: Mounting plugin AndroidMoviePlayer
LogPluginManager: Mounting plugin AndroidPermission
LogPluginManager: Mounting plugin AppleMoviePlayer
LogPluginManager: Mounting plugin ArchVisCharacter
LogPluginManager: Mounting plugin AudioCapture
LogPluginManager: Mounting plugin CableComponent
LogPluginManager: Mounting plugin CustomMeshComponent
LogPluginManager: Mounting plugin EditableMesh
LogPluginManager: Mounting plugin ExampleDeviceProfileSelector
LogPluginManager: Mounting plugin GoogleCloudMessaging
LogPluginManager: Mounting plugin ImmediatePhysics
LogPluginManager: Mounting plugin IOSDeviceProfileSelector
LogPluginManager: Mounting plugin LinuxDeviceProfileSelector
LogPluginManager: Mounting plugin LocationServicesBPLibrary
LogPluginManager: Mounting plugin MobilePatchingUtils
LogPluginManager: Mounting plugin OculusVR
LogPluginManager: Plugin shader directory ../../../Engine/Plugins/Runtime/Oculus/OculusVR/Shaders found
LogPluginManager: Mapping shader source directory ../../../Engine/Plugins/Runtime/Oculus/OculusVR/Shaders to virtual directory /Plugin/OculusVR
LogPluginManager: Mounting plugin PhysXVehicles
LogPluginManager: Mounting plugin ProceduralMeshComponent
LogPluginManager: Mounting plugin RuntimePhysXCooking
LogPluginManager: Mounting plugin SteamVR
LogPluginManager: Mounting plugin WindowsMoviePlayer
LogStreaming: Display: Took  0.078s to configure plugins.
LogInit: Using libcurl 7.55.1-DEV
LogInit:  - built for x86_64-pc-win32
LogInit:  - supports SSL with OpenSSL/1.0.2h
LogInit:  - supports HTTP deflate (compression) using libz 1.2.8
LogInit:  - other features:
LogInit:      CURL_VERSION_SSL
LogInit:      CURL_VERSION_LIBZ
LogInit:      CURL_VERSION_IPV6
LogInit:      CURL_VERSION_ASYNCHDNS
LogInit:      CURL_VERSION_LARGEFILE
LogInit:      CURL_VERSION_IDN
LogInit:  CurlRequestOptions (configurable via config and command line):
LogInit:  - bVerifyPeer = false  - Libcurl will NOT verify peer certificate
LogInit:  - bUseHttpProxy = false  - Libcurl will NOT use HTTP proxy
LogInit:  - bDontReuseConnections = false  - Libcurl will reuse connections
LogInit:  - CertBundlePath = nullptr  - Libcurl will use whatever was configured at build time.
LogInit:  - MaxHostConnections = 16  - Libcurl will limit the number of connections to a host
LogInit:  - LocalHostAddr = Default
LogInit:  - BufferSize = 65536
LogInit: WinSock: version 1.1 (2.2), MaxSocks=32767, MaxUdp=65467
LogInit: Build: ++UE4+Release-4.20-CL-4233996
LogInit: Engine Version: 4.20.1-4233996+++UE4+Release-4.20
LogInit: Compatible Engine Version: 4.20.0-4212847+++UE4+Release-4.20
LogInit: Net CL: 4212847
LogInit: OS: Windows 10 (), CPU: Intel(R) Core(TM) i7-6700 CPU @ 3.40GHz, GPU: AMD FirePro W4100
LogInit: Compiled (64-bit): Jul 26 2018 10:07:30
LogInit: Compiled with Visual C++: 19.13.26129.00
LogInit: Build Configuration: Development
LogInit: Branch Name: ++UE4+Release-4.20
LogInit: Command Line: 
LogInit: Base Directory: C:/Program Files/Epic Games/UE_4.20/Engine/Binaries/Win64/
LogInit: Installed Engine Build: 1
LogDevObjectVersion: Number of dev versions registered: 20
LogDevObjectVersion:   Dev-Blueprints (B0D832E4-1F89-4F0D-ACCF-7EB736FD4AA2): 10
LogDevObjectVersion:   Dev-Build (E1C64328-A22C-4D53-A36C-8E866417BD8C): 0
LogDevObjectVersion:   Dev-Core (375EC13C-06E4-48FB-B500-84F0262A717E): 2
LogDevObjectVersion:   Dev-Editor (E4B068ED-F494-42E9-A231-DA0B2E46BB41): 24
LogDevObjectVersion:   Dev-Framework (CFFC743F-43B0-4480-9391-14DF171D2073): 34
LogDevObjectVersion:   Dev-Mobile (B02B49B5-BB20-44E9-A304-32B752E40360): 2
LogDevObjectVersion:   Dev-Networking (A4E4105C-59A1-49B5-A7C5-40C4547EDFEE): 0
LogDevObjectVersion:   Dev-Online (39C831C9-5AE6-47DC-9A44-9C173E1C8E7C): 0
LogDevObjectVersion:   Dev-Physics (78F01B33-EBEA-4F98-B9B4-84EACCB95AA2): 0
LogDevObjectVersion:   Dev-Platform (6631380F-2D4D-43E0-8009-CF276956A95A): 0
LogDevObjectVersion:   Dev-Rendering (12F88B9F-8875-4AFC-A67C-D90C383ABD29): 26
LogDevObjectVersion:   Dev-Sequencer (7B5AE74C-D270-4C10-A958-57980B212A5A): 9
LogDevObjectVersion:   Dev-VR (D7296918-1DD6-4BDD-9DE2-64A83CC13884): 2
LogDevObjectVersion:   Dev-LoadTimes (C2A15278-BFE7-4AFE-6C17-90FF531DF755): 1
LogDevObjectVersion:   Private-Geometry (6EACA3D4-40EC-4CC1-B786-8BED09428FC5): 3
LogDevObjectVersion:   Dev-AnimPhys (29E575DD-E0A3-4627-9D10-D276232CDCEA): 17
LogDevObjectVersion:   Dev-ReflectionCapture (6B266CEC-1EC7-4B8F-A30B-E4D90942FC07): 1
LogDevObjectVersion:   Dev-Automation (0DF73D61-A23F-47EA-B727-89E90C41499A): 1
LogDevObjectVersion:   FortniteMain (601D1886-AC64-4F84-AA16-D3DE0DEAC7D6): 12
LogDevObjectVersion:   Dev-Enterprise (9DFFBCD6-494F-0158-E221-12823C92A888): 1
LogStreaming: Display: Took  0.000s to delete old logs.
LogInit: Presizing for max 8388607 objects, including 0 objects not considered by GC, pre-allocating 0 bytes for permanent pool.
LogInit: Object subsystem initialized
[2018.07.31-20.27.09:711][  0]LogInit: Selected Device Profile: [Windows]
[2018.07.31-20.27.09:711][  0]LogInit: Applying CVar settings loaded from the selected device profile: [Windows]
[2018.07.31-20.27.09:718][  0]LogHAL: Display: Platform has ~ 8 GB [8485916672 / 8589934592 / 8], which maps to Default [LargestMinGB=32, LargerMinGB=12, DefaultMinGB=8, SmallerMinGB=6, SmallestMinGB=0)
[2018.07.31-20.27.09:718][  0]LogInit: Setting Device Profile CVar: [[r.Vulkan.UseRealUBs:1]]
[2018.07.31-20.27.09:718][  0]LogInit: Going up to parent DeviceProfile []
[2018.07.31-20.27.09:718][  0]LogInit: Computer: CLSYSTEM01
[2018.07.31-20.27.09:718][  0]LogInit: User: User
[2018.07.31-20.27.09:718][  0]LogInit: CPU Page size=4096, Cores=4
[2018.07.31-20.27.09:718][  0]LogInit: High frequency timer resolution =3.328125 MHz
[2018.07.31-20.27.09:718][  0]LogMemory: Memory total: Physical=7.9GB (8GB approx)
[2018.07.31-20.27.09:718][  0]LogMemory: Platform Memory Stats for Windows
[2018.07.31-20.27.09:718][  0]LogMemory: Process Physical Memory: 99.65 MB used, 99.65 MB peak
[2018.07.31-20.27.09:718][  0]LogMemory: Process Virtual Memory: 91.00 MB used, 91.00 MB peak
[2018.07.31-20.27.09:718][  0]LogMemory: Physical Memory: 3011.65 MB used,  5081.15 MB free, 8092.80 MB total
[2018.07.31-20.27.09:718][  0]LogMemory: Virtual Memory: 509.47 MB used,  5081.15 MB free, 134217728.00 MB total
[2018.07.31-20.27.09:728][  0]LogInit: Using OS detected language (en-US).
[2018.07.31-20.27.09:728][  0]LogInit: Using OS detected locale (en-US).
[2018.07.31-20.27.09:728][  0]LogTextLocalizationManager: No specific localization for 'en-US' exists, so the 'en' localization will be used.
[2018.07.31-20.27.10:079][  0]LogStreaming: Display: Took  0.352s to InitEngineTextLocalization.
[2018.07.31-20.27.10:079][  0]LogInit: Setting process to per monitor DPI aware
[2018.07.31-20.27.10:099][  0]LogSlate: New Slate User Created.  User Index 0, Is Virtual User: 0
[2018.07.31-20.27.10:099][  0]LogSlate: Slate User Registered.  User Index 0, Is Virtual User: 0
[2018.07.31-20.27.10:246][  0]LogHMD: Failed to initialize OpenVR with code 110
[2018.07.31-20.27.10:246][  0]LogD3D11RHI: D3D11 adapters:
[2018.07.31-20.27.10:260][  0]LogD3D11RHI:    0. 'AMD FirePro W4100' (Feature Level 11_0)
[2018.07.31-20.27.10:260][  0]LogD3D11RHI:       2029/0/4046 MB DedicatedVideo/DedicatedSystem/SharedSystem, Outputs:1, VendorId:0x1002
[2018.07.31-20.27.10:261][  0]LogD3D11RHI:    1. 'Microsoft Basic Render Driver' (Feature Level 11_0)
[2018.07.31-20.27.10:261][  0]LogD3D11RHI:       0/0/4046 MB DedicatedVideo/DedicatedSystem/SharedSystem, Outputs:0, VendorId:0x1414
[2018.07.31-20.27.10:261][  0]LogD3D11RHI: Chosen D3D11 Adapter: 0
[2018.07.31-20.27.10:267][  0]LogD3D11RHI: Creating new Direct3DDevice
[2018.07.31-20.27.10:267][  0]LogD3D11RHI:     GPU DeviceId: 0x682c (for the marketing name, search the web for "GPU Device Id")
[2018.07.31-20.27.10:267][  0]LogWindows: EnumDisplayDevices:
[2018.07.31-20.27.10:267][  0]LogWindows:    0. 'AMD FirePro W4100' (P:1 D:1)
[2018.07.31-20.27.10:268][  0]LogWindows:    1. 'AMD FirePro W4100' (P:0 D:0)
[2018.07.31-20.27.10:268][  0]LogWindows:    2. 'AMD FirePro W4100' (P:0 D:0)
[2018.07.31-20.27.10:268][  0]LogWindows:    3. 'AMD FirePro W4100' (P:0 D:0)
[2018.07.31-20.27.10:268][  0]LogWindows:    4. 'AMD FirePro W4100' (P:0 D:0)
[2018.07.31-20.27.10:269][  0]LogWindows:    5. 'AMD FirePro W4100' (P:0 D:0)
[2018.07.31-20.27.10:269][  0]LogWindows:    6. 'LogMeIn Mirror Driver' (P:0 D:0)
[2018.07.31-20.27.10:269][  0]LogWindows: DebugString: GetVideoDriverDetailsInvalid PrimaryIsNotTheChoosenAdapter FoundDriverCount:6 
[2018.07.31-20.27.10:269][  0]LogD3D11RHI:     Adapter Name: AMD FirePro W4100
[2018.07.31-20.27.10:269][  0]LogD3D11RHI:   Driver Version: Crimson ReLive 17.1.1 (internal:21.19.384.3, unified:21.19.384.3)
[2018.07.31-20.27.10:269][  0]LogD3D11RHI:      Driver Date: 1-11-2017
[2018.07.31-20.27.10:269][  0]LogRHI: Texture pool is 1420 MB (70% of 2029 MB)
[2018.07.31-20.27.10:306][  0]LogD3D11RHI: Async texture creation enabled
[2018.07.31-20.27.10:316][  0]LogD3D11RHI: GPU Timing Frequency: 27.000000 (Debug: 2 1)
[2018.07.31-20.27.10:316][  0]LogShaderCompilers: Guid format shader working directory is 7 characters bigger than the processId version (../../../../../../Users/User/Nolan/FPS/Intermediate/Shaders/WorkingDirectory/8364/).
[2018.07.31-20.27.10:317][  0]LogShaderCompilers: Cleaned the shader compiler working directory 'C:/Users/User/AppData/Local/Temp/UnrealShaderWorkingDir/5F87224A4241973A77D2ABAC6CEB1262/'.
[2018.07.31-20.27.10:473][  0]LogTemp: Display: Loaded TP AllDesktopTargetPlatform
[2018.07.31-20.27.10:485][  0]LogTemp: Display: Loaded TP MacClientTargetPlatform
[2018.07.31-20.27.10:497][  0]LogTemp: Display: Loaded TP MacNoEditorTargetPlatform
[2018.07.31-20.27.10:509][  0]LogTemp: Display: Loaded TP MacServerTargetPlatform
[2018.07.31-20.27.10:522][  0]LogTemp: Display: Loaded TP MacTargetPlatform
[2018.07.31-20.27.10:534][  0]LogTemp: Display: Loaded TP WindowsClientTargetPlatform
[2018.07.31-20.27.10:547][  0]LogTemp: Display: Loaded TP WindowsNoEditorTargetPlatform
[2018.07.31-20.27.10:563][  0]LogTemp: Display: Loaded TP WindowsServerTargetPlatform
[2018.07.31-20.27.10:569][  0]LogTemp: Display: Loaded TP WindowsTargetPlatform
[2018.07.31-20.27.10:647][  0]LogTemp: Display: Loaded TP AndroidTargetPlatform
[2018.07.31-20.27.10:647][  0]LogTemp: Display: Loaded TP AndroidTargetPlatform
[2018.07.31-20.27.10:647][  0]LogTemp: Display: Loaded TP AndroidTargetPlatform
[2018.07.31-20.27.10:647][  0]LogTemp: Display: Loaded TP AndroidTargetPlatform
[2018.07.31-20.27.10:647][  0]LogTemp: Display: Loaded TP AndroidTargetPlatform
[2018.07.31-20.27.10:647][  0]LogTemp: Display: Loaded TP AndroidTargetPlatform
[2018.07.31-20.27.10:647][  0]LogTemp: Display: Loaded TP AndroidTargetPlatform
[2018.07.31-20.27.10:647][  0]LogTemp: Display: Loaded TP AndroidTargetPlatform
[2018.07.31-20.27.10:647][  0]LogTemp: Display: Loaded TP AndroidTargetPlatform
[2018.07.31-20.27.10:647][  0]LogTemp: Display: Loaded TP AndroidTargetPlatform
[2018.07.31-20.27.10:647][  0]LogTemp: Display: Loaded TP AndroidTargetPlatform
[2018.07.31-20.27.10:647][  0]LogTemp: Display: Loaded TP AndroidTargetPlatform
[2018.07.31-20.27.10:647][  0]LogTemp: Display: Loaded TP AndroidTargetPlatform
[2018.07.31-20.27.10:647][  0]LogTemp: Display: Loaded TP AndroidTargetPlatform
[2018.07.31-20.27.10:647][  0]LogTemp: Display: Loaded TP AndroidTargetPlatform
[2018.07.31-20.27.10:647][  0]LogTemp: Display: Loaded TP AndroidTargetPlatform
[2018.07.31-20.27.10:647][  0]LogTemp: Display: Loaded TP AndroidTargetPlatform
[2018.07.31-20.27.10:647][  0]LogTemp: Display: Loaded TP AndroidTargetPlatform
[2018.07.31-20.27.10:648][  0]LogTemp: Display: Loaded TP HTML5TargetPlatform
[2018.07.31-20.27.10:706][  0]LogTemp: Display: Loaded TP IOSTargetPlatform
[2018.07.31-20.27.10:706][  0]LogTemp: Display: Loaded TP IOSTargetPlatform
[2018.07.31-20.27.10:728][  0]LogTemp: Display: Loaded TP TVOSTargetPlatform
[2018.07.31-20.27.10:728][  0]LogTemp: Display: Loaded TP TVOSTargetPlatform
[2018.07.31-20.27.10:740][  0]LogTemp: Display: Loaded TP LinuxClientTargetPlatform
[2018.07.31-20.27.10:757][  0]LogTemp: Display: Loaded TP LinuxNoEditorTargetPlatform
[2018.07.31-20.27.10:769][  0]LogTemp: Display: Loaded TP LinuxServerTargetPlatform
[2018.07.31-20.27.10:781][  0]LogTemp: Display: Loaded TP LinuxTargetPlatform
[2018.07.31-20.27.10:791][  0]LogTemp: Display: Loaded TP LuminTargetPlatform
[2018.07.31-20.27.10:791][  0]LogTargetPlatformManager: Display: Building Assets For Windows
[2018.07.31-20.27.10:837][  0]LogXGEController: Cannot use XGE Controller as Incredibuild is not installed on this machine.
[2018.07.31-20.27.10:837][  0]LogShaderCompilers: Cannot use XGE Shader Compiler as Incredibuild is not installed on this machine.
[2018.07.31-20.27.10:837][  0]LogShaderCompilers: Display: Using Local Shader Compiler.
[2018.07.31-20.27.11:582][  0]LogDerivedDataCache: Display: Max Cache Size: 512 MB
[2018.07.31-20.27.11:666][  0]LogDerivedDataCache: Loaded boot cache 0.08s 87MB C:/Users/User/AppData/Local/UnrealEngine/4.20/DerivedDataCache/Boot.ddc.
[2018.07.31-20.27.11:667][  0]LogDerivedDataCache: Display: Loaded Boot cache: C:/Users/User/AppData/Local/UnrealEngine/4.20/DerivedDataCache/Boot.ddc
[2018.07.31-20.27.11:667][  0]LogDerivedDataCache: FDerivedDataBackendGraph:  Pak pak cache file ../../../../../../Users/User/Nolan/FPS/DerivedDataCache/DDC.ddp not found, will not use a pak cache.
[2018.07.31-20.27.11:667][  0]LogDerivedDataCache: Unable to find inner node Pak for hierarchical cache Hierarchy.
[2018.07.31-20.27.11:667][  0]LogDerivedDataCache: FDerivedDataBackendGraph:  CompressedPak pak cache file ../../../../../../Users/User/Nolan/FPS/DerivedDataCache/Compressed.ddp not found, will not use a pak cache.
[2018.07.31-20.27.11:667][  0]LogDerivedDataCache: Unable to find inner node CompressedPak for hierarchical cache Hierarchy.
[2018.07.31-20.27.11:682][  0]LogDerivedDataCache: Display: Pak cache opened for reading ../../../Engine/DerivedDataCache/Compressed.ddp.
[2018.07.31-20.27.11:694][  0]LogDerivedDataCache: Using Local data cache path C:/Users/User/AppData/Local/UnrealEngine/Common/DerivedDataCache: Writable
[2018.07.31-20.27.11:694][  0]LogDerivedDataCache: Shared data cache path not found in *engine.ini, will not use an Shared cache.
[2018.07.31-20.27.11:694][  0]LogDerivedDataCache: Unable to find inner node Shared for hierarchical cache Hierarchy.
[2018.07.31-20.27.11:712][  0]LogMaterial: Verifying Global Shaders for PCD3D_SM5
[2018.07.31-20.27.11:713][  0]LogSlate: Using FreeType 2.6.0
[2018.07.31-20.27.11:714][  0]LogSlate: SlateFontServices - WITH_FREETYPE: 1, WITH_HARFBUZZ: 1
[2018.07.31-20.27.11:785][  0]LogAssetRegistry: FAssetRegistry took 0.0262 seconds to start up
[2018.07.31-20.27.12:091][  0]LogInit: Selected Device Profile: [Windows]
[2018.07.31-20.27.12:209][  0]LogSimplygon: Simplygon DLL not present - disabling.
[2018.07.31-20.27.12:212][  0]LogMeshReduction: Using SimplygonSwarm for distributed automatic mesh merging
[2018.07.31-20.27.12:212][  0]LogMeshReduction: Using ProxyLODMeshReduction for automatic mesh merging
[2018.07.31-20.27.12:212][  0]LogMeshReduction: Using QuadricMeshReduction for automatic static mesh reduction
[2018.07.31-20.27.12:212][  0]LogMeshReduction: No automatic skeletal mesh reduction module available
[2018.07.31-20.27.12:227][  0]LogNetVersion: MyProject 1.0.0, NetCL: 4212847, EngineNetVer: 5, GameNetVer: 0 (Checksum: 1110078900)
[2018.07.31-20.27.12:678][  0]LogPackageLocalizationCache: Processed 11 localized package path(s) for 2 prioritized culture(s) in 0.065049 seconds
[2018.07.31-20.27.12:684][  0]LogUObjectArray: 38425 objects as part of root set at end of initial load.
[2018.07.31-20.27.12:684][  0]LogUObjectAllocator: 6690864 out of 0 bytes used by permanent object pool.
[2018.07.31-20.27.12:684][  0]LogUObjectArray: CloseDisregardForGC: 0/0 objects in disregard for GC pool
[2018.07.31-20.27.13:451][  0]LogTcpMessaging: Initializing TcpMessaging bridge
[2018.07.31-20.27.13:464][  0]LogUdpMessaging: Initializing bridge on interface 0.0.0.0:0 to multicast group 230.0.0.1:6666.
[2018.07.31-20.27.13:587][  0]SourceControl: Source control is disabled
[2018.07.31-20.27.13:587][  0]SourceControl: Source control is disabled
[2018.07.31-20.27.13:588][  0]SourceControl: Source control is disabled
[2018.07.31-20.27.13:588][  0]SourceControl: Source control is disabled
[2018.07.31-20.27.13:730][  0]LogAndroidPermission: UAndroidPermissionCallbackProxy::GetInstance
[2018.07.31-20.27.13:761][  0]LogOcInput: OculusInput pre-init called
[2018.07.31-20.27.13:819][  0]LogEngine: Initializing Engine...
[2018.07.31-20.27.13:820][  0]LogHMD: Failed to initialize OpenVR with code 110
[2018.07.31-20.27.13:821][  0]LogStats: UGameplayTagsManager::ConstructGameplayTagTree: ImportINI prefixes -  0.000 s
[2018.07.31-20.27.13:821][  0]LogStats: UGameplayTagsManager::ConstructGameplayTagTree: Construct from data asset -  0.000 s
[2018.07.31-20.27.13:821][  0]LogStats: UGameplayTagsManager::ConstructGameplayTagTree: ImportINI -  0.000 s
[2018.07.31-20.27.13:821][  0]LogStats: UGameplayTagsManager::ConstructGameplayTagTree: GameplayTagTreeChangedEvent.Broadcast -  0.000 s
[2018.07.31-20.27.14:036][  0]LogInit: Initializing FReadOnlyCVARCache
[2018.07.31-20.27.14:046][  0]LogAIModule: Creating AISystem for world Untitled
[2018.07.31-20.27.14:070][  0]LogInit: XAudio2 using 'Speakers / Headphones (Realtek Audio)' : 2 channels at 48 kHz using 32 bits per sample (channel mask 0x3)
[2018.07.31-20.27.14:084][  0]LogInit: FAudioDevice initialized.
[2018.07.31-20.27.14:084][  0]LogNetVersion: Set ProjectVersion to 1.0.0.0. Version Checksum will be recalculated on next use.
[2018.07.31-20.27.14:152][  0]LogDerivedDataCache: Saved boot cache 0.07s 87MB C:/Users/User/AppData/Local/UnrealEngine/4.20/DerivedDataCache/Boot.ddc.
[2018.07.31-20.27.14:158][  0]LogInit: Texture streaming: Enabled
[2018.07.31-20.27.14:170][  0]LogEngineSessionManager: EngineSessionManager initialized
[2018.07.31-20.27.14:179][  0]LogInit: Transaction tracking system initialized
[2018.07.31-20.27.14:194][  0]BlueprintLog: New page: Editor Load
[2018.07.31-20.27.14:256][  0]LocalizationService: Localization service is disabled
[2018.07.31-20.27.14:477][  0]LogCook: Display: Max memory allowance for cook 16384mb min free memory 0mb
[2018.07.31-20.27.14:477][  0]LogCook: Display: Mobile HDR setting 1
[2018.07.31-20.27.14:477][  0]LogGameplayTags: Display: UGameplayTagsManager::DoneAddingNativeTags. DelegateIsBound: 0
[2018.07.31-20.27.14:477][  0]LogStats: UGameplayTagsManager::ConstructGameplayTagTree: ImportINI prefixes -  0.000 s
[2018.07.31-20.27.14:477][  0]LogStats: UGameplayTagsManager::ConstructGameplayTagTree: Construct from data asset -  0.000 s
[2018.07.31-20.27.14:477][  0]LogStats: UGameplayTagsManager::ConstructGameplayTagTree: ImportINI -  0.000 s
[2018.07.31-20.27.14:477][  0]LogStats: UGameplayTagsManager::ConstructGameplayTagTree: GameplayTagTreeChangedEvent.Broadcast -  0.000 s
[2018.07.31-20.27.14:579][  0]LogFileCache: Scanning file cache for directory 'C:/Users/User/Nolan/FPS/Content/' took 0.01s
[2018.07.31-20.27.14:579][  0]SourceControl: Source control is disabled
[2018.07.31-20.27.14:579][  0]Cmd: MAP LOAD FILE="../../../../../../Users/User/Nolan/FPS/Content/FirstPersonBP/Maps/FirstPersonExampleMap.umap" TEMPLATE=0 SHOWPROGRESS=1 FEATURELEVEL=3
[2018.07.31-20.27.14:579][  0]LightingResults: New page: Lighting Build
[2018.07.31-20.27.14:581][  0]MapCheck: New page: Map Check
[2018.07.31-20.27.14:581][  0]LightingResults: New page: Lighting Build
[2018.07.31-20.27.15:118][  0]LogAIModule: Creating AISystem for world FirstPersonExampleMap
[2018.07.31-20.27.15:130][  0]LogEditorServer: Finished looking for orphan Actors (0.000 secs)
[2018.07.31-20.27.15:151][  0]Cmd: MAP CHECKDEP NOCLEARLOG
[2018.07.31-20.27.15:196][  0]MapCheck: Map check complete: 0 Error(s), 0 Warning(s), took 44.728ms to complete.
[2018.07.31-20.27.15:196][  0]LogFileHelpers: Loading map 'FirstPersonExampleMap' took 0.617
[2018.07.31-20.27.15:270][  0]LogSlate: Updating window title bar state: overlay mode, drag disabled, window buttons hidden, title bar hidden
[2018.07.31-20.27.15:276][  0]LogSlate: Updating window title bar state: overlay mode, drag disabled, window buttons hidden, title bar hidden
[2018.07.31-20.27.15:282][  0]LogSlate: Updating window title bar state: overlay mode, drag disabled, window buttons hidden, title bar hidden
[2018.07.31-20.27.15:288][  0]LogSlate: Updating window title bar state: overlay mode, drag disabled, window buttons hidden, title bar hidden
[2018.07.31-20.27.15:292][  0]LogCollectionManager: Loaded 0 collections in 0.001212 seconds
[2018.07.31-20.27.15:330][  0]LogFileCache: Scanning file cache for directory 'C:/Users/User/Nolan/FPS/Saved/Collections/' took 0.01s
[2018.07.31-20.27.15:331][  0]LogFileCache: Scanning file cache for directory 'C:/Users/User/Nolan/FPS/Content/Developers/User/Collections/' took 0.01s
[2018.07.31-20.27.15:331][  0]LogFileCache: Scanning file cache for directory 'C:/Users/User/Nolan/FPS/Content/Collections/' took 0.01s
[2018.07.31-20.27.15:331][  0]LogCollectionManager: Rebuilt the GUID cache for 0 collections in 0.000001 seconds
[2018.07.31-20.27.15:341][  0]LogContentBrowser: Native class hierarchy populated in 0.0101 seconds. Added 2572 classes and 603 folders.
[2018.07.31-20.27.15:347][  0]LogContentBrowser: Native class hierarchy updated for 'WidgetCarousel' in 0.0004 seconds. Added 0 classes and 0 folders.
[2018.07.31-20.27.15:378][  0]LogContentBrowser: Native class hierarchy updated for 'AddContentDialog' in 0.0002 seconds. Added 0 classes and 0 folders.
[2018.07.31-20.27.15:382][  0]LogContentBrowser: Native class hierarchy updated for 'SceneOutliner' in 0.0002 seconds. Added 1 classes and 2 folders.
[2018.07.31-20.27.15:394][  0]LogSlate: Took 0.000142 seconds to synchronously load lazily loaded font '../../../Engine/Content/Slate/Fonts/Roboto-Regular.ttf' (155K)
[2018.07.31-20.27.15:396][  0]LogSlate: Took 0.000113 seconds to synchronously load lazily loaded font '../../../Engine/Content/Slate/Fonts/Roboto-Bold.ttf' (160K)
[2018.07.31-20.27.15:400][  0]LogSlate: Took 0.000091 seconds to synchronously load lazily loaded font '../../../Engine/Content/Editor/Slate/Fonts/FontAwesome.ttf' (139K)
[2018.07.31-20.27.15:474][  0]LogRenderer: Reallocating scene render targets to support 1208x576 Format 10 NumSamples 1 (Frame:1).
[2018.07.31-20.27.15:609][  0]LogSlate: FSceneViewport::OnFocusLost() reason 2
[2018.07.31-20.27.15:620][  0]LogSlate: Window 'Tutorials' being destroyed
[2018.07.31-20.27.15:648][  0]LogContentBrowser: Native class hierarchy updated for 'HierarchicalLODOutliner' in 0.0002 seconds. Added 0 classes and 0 folders.
[2018.07.31-20.27.15:649][  0]LogLoad: (Engine Initialization) Total time: 7.12 seconds
[2018.07.31-20.27.15:649][  0]LogLoad: (Engine Initialization) Total Blueprint compile time: 0.00 seconds
[2018.07.31-20.27.15:659][  0]LogWindowsTextInputMethodSystem: Display: IME system now deactivated.
[2018.07.31-20.27.15:679][  0]LogContentStreaming: Texture pool size now 3000 MB
[2018.07.31-20.27.15:700][  0]LogSlate: Took 0.000140 seconds to synchronously load lazily loaded font '../../../Engine/Content/Slate/Fonts/Roboto-Light.ttf' (167K)
[2018.07.31-20.27.15:719][  1]LogAssetRegistry: Asset discovery search completed in 3.9564 seconds
[2018.07.31-20.27.15:721][  1]LogCollectionManager: Rebuilt the object cache for 0 collections in 0.000001 seconds (found 0 objects)
[2018.07.31-20.27.15:721][  1]LogCollectionManager: Fixed up redirectors for 0 collections in 0.000042 seconds (updated 0 objects)
[2018.07.31-20.27.16:711][ 49]LogSlate: Took 0.000155 seconds to synchronously load lazily loaded font '../../../Engine/Content/Slate/Fonts/Roboto-Light.ttf' (167K)
[2018.07.31-20.27.31:612][785]LogSlate: FSceneViewport::OnFocusLost() reason 0
[2018.07.31-20.27.31:683][792]LogTemp: Repeating last play command: Selected Viewport
[2018.07.31-20.27.31:690][792]LogBlueprintUserMessages: Early PlayInEditor Detection: Level '/Game/FirstPersonBP/Maps/FirstPersonExampleMap.FirstPersonExampleMap:PersistentLevel' has LevelScriptBlueprint '/Game/FirstPersonBP/Maps/FirstPersonExampleMap.FirstPersonExampleMap:PersistentLevel.FirstPersonExampleMap' with GeneratedClass '/Game/FirstPersonBP/Maps/FirstPersonExampleMap.FirstPersonExampleMap_C' with ClassGeneratedBy '/Game/FirstPersonBP/Maps/FirstPersonExampleMap.FirstPersonExampleMap:PersistentLevel.FirstPersonExampleMap'
[2018.07.31-20.27.31:691][792]LogPlayLevel: PlayLevel: No blueprints needed recompiling
[2018.07.31-20.27.31:704][792]PIE: New page: PIE session: FirstPersonExampleMap (Jul 31, 2018, 6:27:31 AM)
[2018.07.31-20.27.31:704][792]LogPlayLevel: Creating play world package: /Game/FirstPersonBP/Maps/UEDPIE_0_FirstPersonExampleMap
[2018.07.31-20.27.31:730][792]LogPlayLevel: PIE: StaticDuplicateObject took: (0.026119s)
[2018.07.31-20.27.31:731][792]LogAIModule: Creating AISystem for world FirstPersonExampleMap
[2018.07.31-20.27.31:731][792]LogPlayLevel: PIE: World Init took: (0.001256s)
[2018.07.31-20.27.31:731][792]LogPlayLevel: PIE: Created PIE world by copying editor world from /Game/FirstPersonBP/Maps/FirstPersonExampleMap.FirstPersonExampleMap to /Game/FirstPersonBP/Maps/UEDPIE_0_FirstPersonExampleMap.FirstPersonExampleMap (0.027558s)
[2018.07.31-20.27.31:752][792]LogInit: XAudio2 using 'Speakers / Headphones (Realtek Audio)' : 2 channels at 48 kHz using 32 bits per sample (channel mask 0x3)
[2018.07.31-20.27.31:762][792]LogInit: FAudioDevice initialized.
[2018.07.31-20.27.31:802][792]LogLoad: Game class is 'FirstPersonGameMode_C'
[2018.07.31-20.27.31:805][792]LogWorld: Bringing World /Game/FirstPersonBP/Maps/UEDPIE_0_FirstPersonExampleMap.FirstPersonExampleMap up for play (max tick rate 0) at 2018.07.31-13.27.31
[2018.07.31-20.27.31:805][792]LogWorld: Bringing up level for play took: 0.002265
[2018.07.31-20.27.31:823][792]LogContentBrowser: Native class hierarchy updated for 'MovieSceneCapture' in 0.0003 seconds. Added 10 classes and 0 folders.
[2018.07.31-20.27.31:824][792]PIE: Play in editor start time for /Game/FirstPersonBP/Maps/UEDPIE_0_FirstPersonExampleMap -0.382
[2018.07.31-20.27.31:824][792]LogBlueprintUserMessages: Late PlayInEditor Detection: Level '/Game/FirstPersonBP/Maps/FirstPersonExampleMap.FirstPersonExampleMap:PersistentLevel' has LevelScriptBlueprint '/Game/FirstPersonBP/Maps/FirstPersonExampleMap.FirstPersonExampleMap:PersistentLevel.FirstPersonExampleMap' with GeneratedClass '/Game/FirstPersonBP/Maps/FirstPersonExampleMap.FirstPersonExampleMap_C' with ClassGeneratedBy '/Game/FirstPersonBP/Maps/FirstPersonExampleMap.FirstPersonExampleMap:PersistentLevel.FirstPersonExampleMap'
[2018.07.31-20.27.36:328][ 22]LogBlueprintUserMessages: Early EndPlayMap Detection: Level '/Game/FirstPersonBP/Maps/FirstPersonExampleMap.FirstPersonExampleMap:PersistentLevel' has LevelScriptBlueprint '/Game/FirstPersonBP/Maps/FirstPersonExampleMap.FirstPersonExampleMap:PersistentLevel.FirstPersonExampleMap' with GeneratedClass '/Game/FirstPersonBP/Maps/FirstPersonExampleMap.FirstPersonExampleMap_C' with ClassGeneratedBy '/Game/FirstPersonBP/Maps/FirstPersonExampleMap.FirstPersonExampleMap:PersistentLevel.FirstPersonExampleMap'
[2018.07.31-20.27.36:328][ 22]LogSlate: Updating window title bar state: overlay mode, drag disabled, window buttons hidden, title bar hidden
[2018.07.31-20.27.36:379][ 22]LogPlayLevel: Display: Shutting down PIE online subsystems
[2018.07.31-20.27.36:379][ 22]LogBlueprintUserMessages: Late EndPlayMap Detection: Level '/Game/FirstPersonBP/Maps/FirstPersonExampleMap.FirstPersonExampleMap:PersistentLevel' has LevelScriptBlueprint '/Game/FirstPersonBP/Maps/FirstPersonExampleMap.FirstPersonExampleMap:PersistentLevel.FirstPersonExampleMap' with GeneratedClass '/Game/FirstPersonBP/Maps/FirstPersonExampleMap.FirstPersonExampleMap_C' with ClassGeneratedBy '/Game/FirstPersonBP/Maps/FirstPersonExampleMap.FirstPersonExampleMap:PersistentLevel.FirstPersonExampleMap'
[2018.07.31-20.27.36:399][ 22]LogSlate: Updating window title bar state: overlay mode, drag disabled, window buttons hidden, title bar hidden
[2018.07.31-20.27.36:431][ 23]LogPlayLevel: Display: Destroying online subsystem :Context_1
[2018.07.31-20.27.39:130][150]LogSlate: FSceneViewport::OnFocusLost() reason 0
[2018.07.31-20.27.42:255][248]LogAssetEditorManager: Opening Asset editor for Blueprint /Game/FirstPersonBP/Blueprints/FirstPersonProjectile.FirstPersonProjectile
[2018.07.31-20.27.42:655][248]LogContentBrowser: Native class hierarchy updated for 'BlueprintGraph' in 0.0005 seconds. Added 116 classes and 0 folders.
[2018.07.31-20.27.43:334][248]LogSlate: Took 0.001227 seconds to synchronously load lazily loaded font '../../../Engine/Content/Slate/Fonts/Roboto-BoldCondensed.ttf' (158K)
[2018.07.31-20.27.43:389][249]LogSlate: Took 0.001434 seconds to synchronously load lazily loaded font '../../../Engine/Content/Slate/Fonts/Roboto-Italic.ttf' (157K)
[2018.07.31-20.27.46:282][387]LogSlate: Window 'FirstPersonProjectile' being destroyed
[2018.07.31-20.28.05:706][712]LogTemp: Repeating last play command: Selected Viewport
[2018.07.31-20.28.05:720][712]LogBlueprintUserMessages: Early PlayInEditor Detection: Level '/Game/FirstPersonBP/Maps/FirstPersonExampleMap.FirstPersonExampleMap:PersistentLevel' has LevelScriptBlueprint '/Game/FirstPersonBP/Maps/FirstPersonExampleMap.FirstPersonExampleMap:PersistentLevel.FirstPersonExampleMap' with GeneratedClass '/Game/FirstPersonBP/Maps/FirstPersonExampleMap.FirstPersonExampleMap_C' with ClassGeneratedBy '/Game/FirstPersonBP/Maps/FirstPersonExampleMap.FirstPersonExampleMap:PersistentLevel.FirstPersonExampleMap'
[2018.07.31-20.28.05:720][712]LogPlayLevel: PlayLevel: No blueprints needed recompiling
[2018.07.31-20.28.05:720][712]PIE: New page: PIE session: FirstPersonExampleMap (Jul 31, 2018, 6:28:05 AM)
[2018.07.31-20.28.05:720][712]LogPlayLevel: Creating play world package: /Game/FirstPersonBP/Maps/UEDPIE_0_FirstPersonExampleMap
[2018.07.31-20.28.05:737][712]LogPlayLevel: PIE: StaticDuplicateObject took: (0.016961s)
[2018.07.31-20.28.05:739][712]LogAIModule: Creating AISystem for world FirstPersonExampleMap
[2018.07.31-20.28.05:739][712]LogPlayLevel: PIE: World Init took: (0.001221s)
[2018.07.31-20.28.05:739][712]LogPlayLevel: PIE: Created PIE world by copying editor world from /Game/FirstPersonBP/Maps/FirstPersonExampleMap.FirstPersonExampleMap to /Game/FirstPersonBP/Maps/UEDPIE_0_FirstPersonExampleMap.FirstPersonExampleMap (0.018446s)
[2018.07.31-20.28.05:771][712]LogInit: XAudio2 using 'Speakers / Headphones (Realtek Audio)' : 2 channels at 48 kHz using 32 bits per sample (channel mask 0x3)
[2018.07.31-20.28.05:781][712]LogInit: FAudioDevice initialized.
[2018.07.31-20.28.05:787][712]LogSlate: Updating window title bar state: overlay mode, drag disabled, window buttons hidden, title bar hidden
[2018.07.31-20.28.05:818][712]LogLoad: Game class is 'FirstPersonGameMode_C'
[2018.07.31-20.28.05:821][712]LogWorld: Bringing World /Game/FirstPersonBP/Maps/UEDPIE_0_FirstPersonExampleMap.FirstPersonExampleMap up for play (max tick rate 0) at 2018.07.31-13.28.05
[2018.07.31-20.28.05:821][712]LogWorld: Bringing up level for play took: 0.002131
[2018.07.31-20.28.05:835][712]PIE: Play in editor start time for /Game/FirstPersonBP/Maps/UEDPIE_0_FirstPersonExampleMap -0.371
[2018.07.31-20.28.05:835][712]LogBlueprintUserMessages: Late PlayInEditor Detection: Level '/Game/FirstPersonBP/Maps/FirstPersonExampleMap.FirstPersonExampleMap:PersistentLevel' has LevelScriptBlueprint '/Game/FirstPersonBP/Maps/FirstPersonExampleMap.FirstPersonExampleMap:PersistentLevel.FirstPersonExampleMap' with GeneratedClass '/Game/FirstPersonBP/Maps/FirstPersonExampleMap.FirstPersonExampleMap_C' with ClassGeneratedBy '/Game/FirstPersonBP/Maps/FirstPersonExampleMap.FirstPersonExampleMap:PersistentLevel.FirstPersonExampleMap'
[2018.07.31-20.28.05:868][712]LogRenderer: Reallocating scene render targets to support 1292x756 Format 10 NumSamples 1 (Frame:1).
[2018.07.31-20.28.26:001][474]LogBlueprintUserMessages: Early EndPlayMap Detection: Level '/Game/FirstPersonBP/Maps/FirstPersonExampleMap.FirstPersonExampleMap:PersistentLevel' has LevelScriptBlueprint '/Game/FirstPersonBP/Maps/FirstPersonExampleMap.FirstPersonExampleMap:PersistentLevel.FirstPersonExampleMap' with GeneratedClass '/Game/FirstPersonBP/Maps/FirstPersonExampleMap.FirstPersonExampleMap_C' with ClassGeneratedBy '/Game/FirstPersonBP/Maps/FirstPersonExampleMap.FirstPersonExampleMap:PersistentLevel.FirstPersonExampleMap'
[2018.07.31-20.28.26:001][474]LogSlate: Updating window title bar state: overlay mode, drag disabled, window buttons hidden, title bar hidden
[2018.07.31-20.28.26:009][474]LogSlate: Window 'MyProject Game Preview Standalone (64-bit/PCD3D_SM5)' being destroyed
[2018.07.31-20.28.26:061][474]LogPlayLevel: Display: Shutting down PIE online subsystems
[2018.07.31-20.28.26:061][474]LogBlueprintUserMessages: Late EndPlayMap Detection: Level '/Game/FirstPersonBP/Maps/FirstPersonExampleMap.FirstPersonExampleMap:PersistentLevel' has LevelScriptBlueprint '/Game/FirstPersonBP/Maps/FirstPersonExampleMap.FirstPersonExampleMap:PersistentLevel.FirstPersonExampleMap' with GeneratedClass '/Game/FirstPersonBP/Maps/FirstPersonExampleMap.FirstPersonExampleMap_C' with ClassGeneratedBy '/Game/FirstPersonBP/Maps/FirstPersonExampleMap.FirstPersonExampleMap:PersistentLevel.FirstPersonExampleMap'
[2018.07.31-20.28.26:107][476]LogPlayLevel: Display: Destroying online subsystem :Context_5
[2018.07.31-20.30.03:361][  3]LogAssetEditorManager: Opening Asset editor for Blueprint /Game/FirstPersonBP/Blueprints/FirstPersonCharacter.FirstPersonCharacter
[2018.07.31-20.31.02:573][797]LogTemp: Repeating last play command: Selected Viewport
[2018.07.31-20.31.02:585][797]LogBlueprintUserMessages: Early PlayInEditor Detection: Level '/Game/FirstPersonBP/Maps/FirstPersonExampleMap.FirstPersonExampleMap:PersistentLevel' has LevelScriptBlueprint '/Game/FirstPersonBP/Maps/FirstPersonExampleMap.FirstPersonExampleMap:PersistentLevel.FirstPersonExampleMap' with GeneratedClass '/Game/FirstPersonBP/Maps/FirstPersonExampleMap.FirstPersonExampleMap_C' with ClassGeneratedBy '/Game/FirstPersonBP/Maps/FirstPersonExampleMap.FirstPersonExampleMap:PersistentLevel.FirstPersonExampleMap'
[2018.07.31-20.31.02:585][797]BlueprintLog: New page: Pre-Play auto-recompile
[2018.07.31-20.31.02:602][797]LogPlayLevel: [PlayLevel] Compiling FirstPersonProjectile before play...
[2018.07.31-20.31.02:758][797]LogPlayLevel: PlayLevel: Blueprint regeneration took 172 ms (1 blueprints)
[2018.07.31-20.31.02:758][797]PIE: New page: PIE session: FirstPersonExampleMap (Jul 31, 2018, 6:31:02 AM)
[2018.07.31-20.31.02:758][797]LogPlayLevel: Creating play world package: /Game/FirstPersonBP/Maps/UEDPIE_0_FirstPersonExampleMap
[2018.07.31-20.31.02:774][797]LogPlayLevel: PIE: StaticDuplicateObject took: (0.016635s)
[2018.07.31-20.31.02:775][797]LogAIModule: Creating AISystem for world FirstPersonExampleMap
[2018.07.31-20.31.02:776][797]LogPlayLevel: PIE: World Init took: (0.001094s)
[2018.07.31-20.31.02:776][797]LogPlayLevel: PIE: Created PIE world by copying editor world from /Game/FirstPersonBP/Maps/FirstPersonExampleMap.FirstPersonExampleMap to /Game/FirstPersonBP/Maps/UEDPIE_0_FirstPersonExampleMap.FirstPersonExampleMap (0.017895s)
[2018.07.31-20.31.02:804][797]LogInit: XAudio2 using 'Speakers / Headphones (Realtek Audio)' : 2 channels at 48 kHz using 32 bits per sample (channel mask 0x3)
[2018.07.31-20.31.02:816][797]LogInit: FAudioDevice initialized.
[2018.07.31-20.31.02:822][797]LogSlate: Updating window title bar state: overlay mode, drag disabled, window buttons hidden, title bar hidden
[2018.07.31-20.31.02:854][797]LogLoad: Game class is 'FirstPersonGameMode_C'
[2018.07.31-20.31.02:856][797]LogWorld: Bringing World /Game/FirstPersonBP/Maps/UEDPIE_0_FirstPersonExampleMap.FirstPersonExampleMap up for play (max tick rate 0) at 2018.07.31-13.31.02
[2018.07.31-20.31.02:857][797]LogWorld: Bringing up level for play took: 0.001937
[2018.07.31-20.31.02:869][797]PIE: Play in editor start time for /Game/FirstPersonBP/Maps/UEDPIE_0_FirstPersonExampleMap 0.663
[2018.07.31-20.31.02:870][797]LogBlueprintUserMessages: Late PlayInEditor Detection: Level '/Game/FirstPersonBP/Maps/FirstPersonExampleMap.FirstPersonExampleMap:PersistentLevel' has LevelScriptBlueprint '/Game/FirstPersonBP/Maps/FirstPersonExampleMap.FirstPersonExampleMap:PersistentLevel.FirstPersonExampleMap' with GeneratedClass '/Game/FirstPersonBP/Maps/FirstPersonExampleMap.FirstPersonExampleMap_C' with ClassGeneratedBy '/Game/FirstPersonBP/Maps/FirstPersonExampleMap.FirstPersonExampleMap:PersistentLevel.FirstPersonExampleMap'
[2018.07.31-20.31.14:201][238]LogBlueprintUserMessages: Early EndPlayMap Detection: Level '/Game/FirstPersonBP/Maps/FirstPersonExampleMap.FirstPersonExampleMap:PersistentLevel' has LevelScriptBlueprint '/Game/FirstPersonBP/Maps/FirstPersonExampleMap.FirstPersonExampleMap:PersistentLevel.FirstPersonExampleMap' with GeneratedClass '/Game/FirstPersonBP/Maps/FirstPersonExampleMap.FirstPersonExampleMap_C' with ClassGeneratedBy '/Game/FirstPersonBP/Maps/FirstPersonExampleMap.FirstPersonExampleMap:PersistentLevel.FirstPersonExampleMap'
[2018.07.31-20.31.14:201][238]LogSlate: Updating window title bar state: overlay mode, drag disabled, window buttons hidden, title bar hidden
[2018.07.31-20.31.14:208][238]LogSlate: Window 'MyProject Game Preview Standalone (64-bit/PCD3D_SM5)' being destroyed
[2018.07.31-20.31.14:260][238]LogPlayLevel: Display: Shutting down PIE online subsystems
[2018.07.31-20.31.14:260][238]LogBlueprintUserMessages: Late EndPlayMap Detection: Level '/Game/FirstPersonBP/Maps/FirstPersonExampleMap.FirstPersonExampleMap:PersistentLevel' has LevelScriptBlueprint '/Game/FirstPersonBP/Maps/FirstPersonExampleMap.FirstPersonExampleMap:PersistentLevel.FirstPersonExampleMap' with GeneratedClass '/Game/FirstPersonBP/Maps/FirstPersonExampleMap.FirstPersonExampleMap_C' with ClassGeneratedBy '/Game/FirstPersonBP/Maps/FirstPersonExampleMap.FirstPersonExampleMap:PersistentLevel.FirstPersonExampleMap'
[2018.07.31-20.31.14:311][239]LogPlayLevel: Display: Destroying online subsystem :Context_7
[2018.07.31-20.32.44:143][923]LogTemp: Repeating last play command: Selected Viewport
[2018.07.31-20.32.44:153][923]LogBlueprintUserMessages: Early PlayInEditor Detection: Level '/Game/FirstPersonBP/Maps/FirstPersonExampleMap.FirstPersonExampleMap:PersistentLevel' has LevelScriptBlueprint '/Game/FirstPersonBP/Maps/FirstPersonExampleMap.FirstPersonExampleMap:PersistentLevel.FirstPersonExampleMap' with GeneratedClass '/Game/FirstPersonBP/Maps/FirstPersonExampleMap.FirstPersonExampleMap_C' with ClassGeneratedBy '/Game/FirstPersonBP/Maps/FirstPersonExampleMap.FirstPersonExampleMap:PersistentLevel.FirstPersonExampleMap'
[2018.07.31-20.32.44:153][923]BlueprintLog: New page: Pre-Play auto-recompile
[2018.07.31-20.32.44:169][923]LogPlayLevel: [PlayLevel] Compiling FirstPersonProjectile before play...
[2018.07.31-20.32.44:329][923]LogPlayLevel: PlayLevel: Blueprint regeneration took 175 ms (1 blueprints)
[2018.07.31-20.32.44:329][923]PIE: New page: PIE session: FirstPersonExampleMap (Jul 31, 2018, 6:32:44 AM)
[2018.07.31-20.32.44:329][923]LogPlayLevel: Creating play world package: /Game/FirstPersonBP/Maps/UEDPIE_0_FirstPersonExampleMap
[2018.07.31-20.32.44:345][923]LogPlayLevel: PIE: StaticDuplicateObject took: (0.015643s)
[2018.07.31-20.32.44:345][923]LogAIModule: Creating AISystem for world FirstPersonExampleMap
[2018.07.31-20.32.44:346][923]LogPlayLevel: PIE: World Init took: (0.000942s)
[2018.07.31-20.32.44:346][923]LogPlayLevel: PIE: Created PIE world by copying editor world from /Game/FirstPersonBP/Maps/FirstPersonExampleMap.FirstPersonExampleMap to /Game/FirstPersonBP/Maps/UEDPIE_0_FirstPersonExampleMap.FirstPersonExampleMap (0.016736s)
[2018.07.31-20.32.44:376][923]LogInit: XAudio2 using 'Speakers / Headphones (Realtek Audio)' : 2 channels at 48 kHz using 32 bits per sample (channel mask 0x3)
[2018.07.31-20.32.44:387][923]LogInit: FAudioDevice initialized.
[2018.07.31-20.32.44:393][923]LogSlate: Updating window title bar state: overlay mode, drag disabled, window buttons hidden, title bar hidden
[2018.07.31-20.32.44:423][923]LogLoad: Game class is 'FirstPersonGameMode_C'
[2018.07.31-20.32.44:426][923]LogWorld: Bringing World /Game/FirstPersonBP/Maps/UEDPIE_0_FirstPersonExampleMap.FirstPersonExampleMap up for play (max tick rate 0) at 2018.07.31-13.32.44
[2018.07.31-20.32.44:426][923]LogWorld: Bringing up level for play took: 0.002487
[2018.07.31-20.32.44:439][923]PIE: Play in editor start time for /Game/FirstPersonBP/Maps/UEDPIE_0_FirstPersonExampleMap 0.233
[2018.07.31-20.32.44:439][923]LogBlueprintUserMessages: Late PlayInEditor Detection: Level '/Game/FirstPersonBP/Maps/FirstPersonExampleMap.FirstPersonExampleMap:PersistentLevel' has LevelScriptBlueprint '/Game/FirstPersonBP/Maps/FirstPersonExampleMap.FirstPersonExampleMap:PersistentLevel.FirstPersonExampleMap' with GeneratedClass '/Game/FirstPersonBP/Maps/FirstPersonExampleMap.FirstPersonExampleMap_C' with ClassGeneratedBy '/Game/FirstPersonBP/Maps/FirstPersonExampleMap.FirstPersonExampleMap:PersistentLevel.FirstPersonExampleMap'
[2018.07.31-20.33.00:115][510]LogBlueprintUserMessages: Early EndPlayMap Detection: Level '/Game/FirstPersonBP/Maps/FirstPersonExampleMap.FirstPersonExampleMap:PersistentLevel' has LevelScriptBlueprint '/Game/FirstPersonBP/Maps/FirstPersonExampleMap.FirstPersonExampleMap:PersistentLevel.FirstPersonExampleMap' with GeneratedClass '/Game/FirstPersonBP/Maps/FirstPersonExampleMap.FirstPersonExampleMap_C' with ClassGeneratedBy '/Game/FirstPersonBP/Maps/FirstPersonExampleMap.FirstPersonExampleMap:PersistentLevel.FirstPersonExampleMap'
[2018.07.31-20.33.00:115][510]LogSlate: Updating window title bar state: overlay mode, drag disabled, window buttons hidden, title bar hidden
[2018.07.31-20.33.00:123][510]LogSlate: Window 'MyProject Game Preview Standalone (64-bit/PCD3D_SM5)' being destroyed
[2018.07.31-20.33.00:179][510]LogPlayLevel: Display: Shutting down PIE online subsystems
[2018.07.31-20.33.00:179][510]LogBlueprintUserMessages: Late EndPlayMap Detection: Level '/Game/FirstPersonBP/Maps/FirstPersonExampleMap.FirstPersonExampleMap:PersistentLevel' has LevelScriptBlueprint '/Game/FirstPersonBP/Maps/FirstPersonExampleMap.FirstPersonExampleMap:PersistentLevel.FirstPersonExampleMap' with GeneratedClass '/Game/FirstPersonBP/Maps/FirstPersonExampleMap.FirstPersonExampleMap_C' with ClassGeneratedBy '/Game/FirstPersonBP/Maps/FirstPersonExampleMap.FirstPersonExampleMap:PersistentLevel.FirstPersonExampleMap'
[2018.07.31-20.33.00:228][511]LogPlayLevel: Display: Destroying online subsystem :Context_8
[2018.07.31-20.33.06:953][314]LogTemp: Repeating last play command: Selected Viewport
[2018.07.31-20.33.06:964][314]LogBlueprintUserMessages: Early PlayInEditor Detection: Level '/Game/FirstPersonBP/Maps/FirstPersonExampleMap.FirstPersonExampleMap:PersistentLevel' has LevelScriptBlueprint '/Game/FirstPersonBP/Maps/FirstPersonExampleMap.FirstPersonExampleMap:PersistentLevel.FirstPersonExampleMap' with GeneratedClass '/Game/FirstPersonBP/Maps/FirstPersonExampleMap.FirstPersonExampleMap_C' with ClassGeneratedBy '/Game/FirstPersonBP/Maps/FirstPersonExampleMap.FirstPersonExampleMap:PersistentLevel.FirstPersonExampleMap'
[2018.07.31-20.33.06:964][314]BlueprintLog: New page: Pre-Play auto-recompile
[2018.07.31-20.33.06:970][314]LogPlayLevel: [PlayLevel] Compiling FirstPersonProjectile before play...
[2018.07.31-20.33.07:146][314]LogPlayLevel: PlayLevel: Blueprint regeneration took 182 ms (1 blueprints)
[2018.07.31-20.33.07:146][314]PIE: New page: PIE session: FirstPersonExampleMap (Jul 31, 2018, 6:33:07 AM)
[2018.07.31-20.33.07:146][314]LogPlayLevel: Creating play world package: /Game/FirstPersonBP/Maps/UEDPIE_0_FirstPersonExampleMap
[2018.07.31-20.33.07:159][314]LogPlayLevel: PIE: StaticDuplicateObject took: (0.012551s)
[2018.07.31-20.33.07:160][314]LogAIModule: Creating AISystem for world FirstPersonExampleMap
[2018.07.31-20.33.07:160][314]LogPlayLevel: PIE: World Init took: (0.001106s)
[2018.07.31-20.33.07:160][314]LogPlayLevel: PIE: Created PIE world by copying editor world from /Game/FirstPersonBP/Maps/FirstPersonExampleMap.FirstPersonExampleMap to /Game/FirstPersonBP/Maps/UEDPIE_0_FirstPersonExampleMap.FirstPersonExampleMap (0.013815s)
[2018.07.31-20.33.07:208][314]LogInit: XAudio2 using 'Speakers / Headphones (Realtek Audio)' : 2 channels at 48 kHz using 32 bits per sample (channel mask 0x3)
[2018.07.31-20.33.07:224][314]LogInit: FAudioDevice initialized.
[2018.07.31-20.33.07:234][314]LogSlate: Updating window title bar state: overlay mode, drag disabled, window buttons hidden, title bar hidden
[2018.07.31-20.33.07:268][314]LogLoad: Game class is 'FirstPersonGameMode_C'
[2018.07.31-20.33.07:270][314]LogWorld: Bringing World /Game/FirstPersonBP/Maps/UEDPIE_0_FirstPersonExampleMap.FirstPersonExampleMap up for play (max tick rate 0) at 2018.07.31-13.33.07
[2018.07.31-20.33.07:271][314]LogWorld: Bringing up level for play took: 0.001996
[2018.07.31-20.33.07:284][314]PIE: Play in editor start time for /Game/FirstPersonBP/Maps/UEDPIE_0_FirstPersonExampleMap 1.077
[2018.07.31-20.33.07:284][314]LogBlueprintUserMessages: Late PlayInEditor Detection: Level '/Game/FirstPersonBP/Maps/FirstPersonExampleMap.FirstPersonExampleMap:PersistentLevel' has LevelScriptBlueprint '/Game/FirstPersonBP/Maps/FirstPersonExampleMap.FirstPersonExampleMap:PersistentLevel.FirstPersonExampleMap' with GeneratedClass '/Game/FirstPersonBP/Maps/FirstPersonExampleMap.FirstPersonExampleMap_C' with ClassGeneratedBy '/Game/FirstPersonBP/Maps/FirstPersonExampleMap.FirstPersonExampleMap:PersistentLevel.FirstPersonExampleMap'
[2018.07.31-20.33.13:344][537]LogBlueprintUserMessages: Early EndPlayMap Detection: Level '/Game/FirstPersonBP/Maps/FirstPersonExampleMap.FirstPersonExampleMap:PersistentLevel' has LevelScriptBlueprint '/Game/FirstPersonBP/Maps/FirstPersonExampleMap.FirstPersonExampleMap:PersistentLevel.FirstPersonExampleMap' with GeneratedClass '/Game/FirstPersonBP/Maps/FirstPersonExampleMap.FirstPersonExampleMap_C' with ClassGeneratedBy '/Game/FirstPersonBP/Maps/FirstPersonExampleMap.FirstPersonExampleMap:PersistentLevel.FirstPersonExampleMap'
[2018.07.31-20.33.13:344][537]LogSlate: Updating window title bar state: overlay mode, drag disabled, window buttons hidden, title bar hidden
[2018.07.31-20.33.13:352][537]LogSlate: Window 'MyProject Game Preview Standalone (64-bit/PCD3D_SM5)' being destroyed
[2018.07.31-20.33.13:404][537]LogPlayLevel: Display: Shutting down PIE online subsystems
[2018.07.31-20.33.13:404][537]LogBlueprintUserMessages: Late EndPlayMap Detection: Level '/Game/FirstPersonBP/Maps/FirstPersonExampleMap.FirstPersonExampleMap:PersistentLevel' has LevelScriptBlueprint '/Game/FirstPersonBP/Maps/FirstPersonExampleMap.FirstPersonExampleMap:PersistentLevel.FirstPersonExampleMap' with GeneratedClass '/Game/FirstPersonBP/Maps/FirstPersonExampleMap.FirstPersonExampleMap_C' with ClassGeneratedBy '/Game/FirstPersonBP/Maps/FirstPersonExampleMap.FirstPersonExampleMap:PersistentLevel.FirstPersonExampleMap'
[2018.07.31-20.33.13:448][538]LogPlayLevel: Display: Destroying online subsystem :Context_9
[2018.07.31-20.33.34:282][ 33]LogTemp: Repeating last play command: Selected Viewport
[2018.07.31-20.33.34:293][ 33]LogBlueprintUserMessages: Early PlayInEditor Detection: Level '/Game/FirstPersonBP/Maps/FirstPersonExampleMap.FirstPersonExampleMap:PersistentLevel' has LevelScriptBlueprint '/Game/FirstPersonBP/Maps/FirstPersonExampleMap.FirstPersonExampleMap:PersistentLevel.FirstPersonExampleMap' with GeneratedClass '/Game/FirstPersonBP/Maps/FirstPersonExampleMap.FirstPersonExampleMap_C' with ClassGeneratedBy '/Game/FirstPersonBP/Maps/FirstPersonExampleMap.FirstPersonExampleMap:PersistentLevel.FirstPersonExampleMap'
[2018.07.31-20.33.34:294][ 33]BlueprintLog: New page: Pre-Play auto-recompile
[2018.07.31-20.33.34:300][ 33]LogPlayLevel: [PlayLevel] Compiling FirstPersonProjectile before play...
[2018.07.31-20.33.34:457][ 33]LogPlayLevel: PlayLevel: Blueprint regeneration took 163 ms (1 blueprints)
[2018.07.31-20.33.34:457][ 33]PIE: New page: PIE session: FirstPersonExampleMap (Jul 31, 2018, 6:33:34 AM)
[2018.07.31-20.33.34:457][ 33]LogPlayLevel: Creating play world package: /Game/FirstPersonBP/Maps/UEDPIE_0_FirstPersonExampleMap
[2018.07.31-20.33.34:470][ 33]LogPlayLevel: PIE: StaticDuplicateObject took: (0.012401s)
[2018.07.31-20.33.34:470][ 33]LogAIModule: Creating AISystem for world FirstPersonExampleMap
[2018.07.31-20.33.34:471][ 33]LogPlayLevel: PIE: World Init took: (0.000814s)
[2018.07.31-20.33.34:471][ 33]LogPlayLevel: PIE: Created PIE world by copying editor world from /Game/FirstPersonBP/Maps/FirstPersonExampleMap.FirstPersonExampleMap to /Game/FirstPersonBP/Maps/UEDPIE_0_FirstPersonExampleMap.FirstPersonExampleMap (0.013354s)
[2018.07.31-20.33.34:499][ 33]LogInit: XAudio2 using 'Speakers / Headphones (Realtek Audio)' : 2 channels at 48 kHz using 32 bits per sample (channel mask 0x3)
[2018.07.31-20.33.34:510][ 33]LogInit: FAudioDevice initialized.
[2018.07.31-20.33.34:517][ 33]LogSlate: Updating window title bar state: overlay mode, drag disabled, window buttons hidden, title bar hidden
[2018.07.31-20.33.34:546][ 33]LogLoad: Game class is 'FirstPersonGameMode_C'
[2018.07.31-20.33.34:549][ 33]LogWorld: Bringing World /Game/FirstPersonBP/Maps/UEDPIE_0_FirstPersonExampleMap.FirstPersonExampleMap up for play (max tick rate 0) at 2018.07.31-13.33.34
[2018.07.31-20.33.34:549][ 33]LogWorld: Bringing up level for play took: 0.002174
[2018.07.31-20.33.34:562][ 33]PIE: Play in editor start time for /Game/FirstPersonBP/Maps/UEDPIE_0_FirstPersonExampleMap 0.356
[2018.07.31-20.33.34:563][ 33]LogBlueprintUserMessages: Late PlayInEditor Detection: Level '/Game/FirstPersonBP/Maps/FirstPersonExampleMap.FirstPersonExampleMap:PersistentLevel' has LevelScriptBlueprint '/Game/FirstPersonBP/Maps/FirstPersonExampleMap.FirstPersonExampleMap:PersistentLevel.FirstPersonExampleMap' with GeneratedClass '/Game/FirstPersonBP/Maps/FirstPersonExampleMap.FirstPersonExampleMap_C' with ClassGeneratedBy '/Game/FirstPersonBP/Maps/FirstPersonExampleMap.FirstPersonExampleMap:PersistentLevel.FirstPersonExampleMap'
[2018.07.31-20.33.35:370][ 47]LogTick: Error: Could not tick newly spawned in 100 iterations; runaway recursive spawing. Tick is FirstPersonProjectile_C /Game/FirstPersonBP/Maps/UEDPIE_0_FirstPersonExampleMap.FirstPersonExampleMap:PersistentLevel.FirstPersonProjectile_C_1064[TickActor].
[2018.07.31-20.33.35:370][ 47]LogTick: Error: Could not tick newly spawned in 100 iterations; runaway recursive spawing. Tick is ProjectileMovementComponent /Game/FirstPersonBP/Maps/UEDPIE_0_FirstPersonExampleMap.FirstPersonExampleMap:PersistentLevel.FirstPersonProjectile_C_1064.Projectile[TickComponent].
[2018.07.31-20.33.35:370][ 47]LogTick: Error: Could not tick newly spawned in 100 iterations; runaway recursive spawing. Tick is FirstPersonProjectile_C /Game/FirstPersonBP/Maps/UEDPIE_0_FirstPersonExampleMap.FirstPersonExampleMap:PersistentLevel.FirstPersonProjectile_C_1065[TickActor].
[2018.07.31-20.33.35:370][ 47]LogTick: Error: Could not tick newly spawned in 100 iterations; runaway recursive spawing. Tick is ProjectileMovementComponent /Game/FirstPersonBP/Maps/UEDPIE_0_FirstPersonExampleMap.FirstPersonExampleMap:PersistentLevel.FirstPersonProjectile_C_1065.Projectile[TickComponent].
[2018.07.31-20.33.35:370][ 47]LogTick: Error: Could not tick newly spawned in 100 iterations; runaway recursive spawing. Tick is FirstPersonProjectile_C /Game/FirstPersonBP/Maps/UEDPIE_0_FirstPersonExampleMap.FirstPersonExampleMap:PersistentLevel.FirstPersonProjectile_C_1066[TickActor].
[2018.07.31-20.33.35:370][ 47]LogTick: Error: Could not tick newly spawned in 100 iterations; runaway recursive spawing. Tick is ProjectileMovementComponent /Game/FirstPersonBP/Maps/UEDPIE_0_FirstPersonExampleMap.FirstPersonExampleMap:PersistentLevel.FirstPersonProjectile_C_1066.Projectile[TickComponent].
[2018.07.31-20.33.35:370][ 47]LogTick: Error: Could not tick newly spawned in 100 iterations; runaway recursive spawing. Tick is FirstPersonProjectile_C /Game/FirstPersonBP/Maps/UEDPIE_0_FirstPersonExampleMap.FirstPersonExampleMap:PersistentLevel.FirstPersonProjectile_C_1067[TickActor].
[2018.07.31-20.33.35:370][ 47]LogTick: Error: Could not tick newly spawned in 100 iterations; runaway recursive spawing. Tick is ProjectileMovementComponent /Game/FirstPersonBP/Maps/UEDPIE_0_FirstPersonExampleMap.FirstPersonExampleMap:PersistentLevel.FirstPersonProjectile_C_1067.Projectile[TickComponent].
[2018.07.31-20.33.35:370][ 47]LogTick: Error: Could not tick newly spawned in 100 iterations; runaway recursive spawing. Tick is FirstPersonProjectile_C /Game/FirstPersonBP/Maps/UEDPIE_0_FirstPersonExampleMap.FirstPersonExampleMap:PersistentLevel.FirstPersonProjectile_C_1068[TickActor].
[2018.07.31-20.33.35:370][ 47]LogTick: Error: Could not tick newly spawned in 100 iterations; runaway recursive spawing. Tick is ProjectileMovementComponent /Game/FirstPersonBP/Maps/UEDPIE_0_FirstPersonExampleMap.FirstPersonExampleMap:PersistentLevel.FirstPersonProjectile_C_1068.Projectile[TickComponent].
[2018.07.31-20.33.35:370][ 47]LogTick: Error: Could not tick newly spawned in 100 iterations; runaway recursive spawing. Tick is FirstPersonProjectile_C /Game/FirstPersonBP/Maps/UEDPIE_0_FirstPersonExampleMap.FirstPersonExampleMap:PersistentLevel.FirstPersonProjectile_C_1069[TickActor].
[2018.07.31-20.33.35:370][ 47]LogTick: Error: Could not tick newly spawned in 100 iterations; runaway recursive spawing. Tick is ProjectileMovementComponent /Game/FirstPersonBP/Maps/UEDPIE_0_FirstPersonExampleMap.FirstPersonExampleMap:PersistentLevel.FirstPersonProjectile_C_1069.Projectile[TickComponent].
[2018.07.31-20.33.35:370][ 47]LogTick: Error: Could not tick newly spawned in 100 iterations; runaway recursive spawing. Tick is FirstPersonProjectile_C /Game/FirstPersonBP/Maps/UEDPIE_0_FirstPersonExampleMap.FirstPersonExampleMap:PersistentLevel.FirstPersonProjectile_C_1070[TickActor].
[2018.07.31-20.33.35:370][ 47]LogTick: Error: Could not tick newly spawned in 100 iterations; runaway recursive spawing. Tick is ProjectileMovementComponent /Game/FirstPersonBP/Maps/UEDPIE_0_FirstPersonExampleMap.FirstPersonExampleMap:PersistentLevel.FirstPersonProjectile_C_1070.Projectile[TickComponent].
[2018.07.31-20.33.35:370][ 47]LogTick: Error: Could not tick newly spawned in 100 iterations; runaway recursive spawing. Tick is FirstPersonProjectile_C /Game/FirstPersonBP/Maps/UEDPIE_0_FirstPersonExampleMap.FirstPersonExampleMap:PersistentLevel.FirstPersonProjectile_C_1071[TickActor].
[2018.07.31-20.33.35:370][ 47]LogTick: Error: Could not tick newly spawned in 100 iterations; runaway recursive spawing. Tick is ProjectileMovementComponent /Game/FirstPersonBP/Maps/UEDPIE_0_FirstPersonExampleMap.FirstPersonExampleMap:PersistentLevel.FirstPersonProjectile_C_1071.Projectile[TickComponent].
[2018.07.31-20.33.35:370][ 47]LogTick: Error: Could not tick newly spawned in 100 iterations; runaway recursive spawing. Tick is FirstPersonProjectile_C /Game/FirstPersonBP/Maps/UEDPIE_0_FirstPersonExampleMap.FirstPersonExampleMap:PersistentLevel.FirstPersonProjectile_C_1072[TickActor].
[2018.07.31-20.33.35:370][ 47]LogTick: Error: Could not tick newly spawned in 100 iterations; runaway recursive spawing. Tick is ProjectileMovementComponent /Game/FirstPersonBP/Maps/UEDPIE_0_FirstPersonExampleMap.FirstPersonExampleMap:PersistentLevel.FirstPersonProjectile_C_1072.Projectile[TickComponent].
[2018.07.31-20.33.35:370][ 47]LogTick: Error: Could not tick newly spawned in 100 iterations; runaway recursive spawing. Tick is FirstPersonProjectile_C /Game/FirstPersonBP/Maps/UEDPIE_0_FirstPersonExampleMap.FirstPersonExampleMap:PersistentLevel.FirstPersonProjectile_C_1073[TickActor].
[2018.07.31-20.33.35:370][ 47]LogTick: Error: Could not tick newly spawned in 100 iterations; runaway recursive spawing. Tick is ProjectileMovementComponent /Game/FirstPersonBP/Maps/UEDPIE_0_FirstPersonExampleMap.FirstPersonExampleMap:PersistentLevel.FirstPersonProjectile_C_1073.Projectile[TickComponent].
